BATCH_createVD 2019-05-19 17:55:18,887 INFO     BATCH_createVD
BATCH_createVD 2019-05-19 17:55:18,894 INFO     + Start creating rectified and compressed datasets for [blog]...
BATCH_createVD 2019-05-19 17:55:18,901 INFO       + Reading and parsing with N=3000...
BATCH_createVD 2019-05-19 17:55:20,529 INFO         + Constructing with K=5...
BATCH_createVD 2019-05-19 17:55:22,278 INFO           - Saved the rectified and compressd co-occurrence for K=5!
BATCH_createVD 2019-05-19 17:55:22,295 INFO           - Elapsed seconds = 1.2493
BATCH_createVD 2019-05-19 17:55:22,297 INFO         + Constructing with K=10...
BATCH_createVD 2019-05-19 17:55:24,930 INFO           - Saved the rectified and compressd co-occurrence for K=10!
BATCH_createVD 2019-05-19 17:55:24,934 INFO           - Elapsed seconds = 2.1990
BATCH_createVD 2019-05-19 17:55:24,936 INFO         + Constructing with K=15...
BATCH_createVD 2019-05-19 17:55:28,590 INFO           - Saved the rectified and compressd co-occurrence for K=15!
BATCH_createVD 2019-05-19 17:55:28,591 INFO           - Elapsed seconds = 3.1895
BATCH_createVD 2019-05-19 17:55:28,592 INFO         + Constructing with K=20...
BATCH_createVD 2019-05-19 17:55:32,970 INFO           - Saved the rectified and compressd co-occurrence for K=20!
BATCH_createVD 2019-05-19 17:55:32,972 INFO           - Elapsed seconds = 3.9359
BATCH_createVD 2019-05-19 17:55:32,975 INFO         + Constructing with K=25...
BATCH_createVD 2019-05-19 17:55:38,232 INFO           - Saved the rectified and compressd co-occurrence for K=25!
BATCH_createVD 2019-05-19 17:55:38,232 INFO           - Elapsed seconds = 4.8349
BATCH_createVD 2019-05-19 17:55:38,232 INFO         + Constructing with K=50...
BATCH_createVD 2019-05-19 17:55:47,573 INFO           - Saved the rectified and compressd co-occurrence for K=50!
BATCH_createVD 2019-05-19 17:55:47,573 INFO           - Elapsed seconds = 8.9200
BATCH_createVD 2019-05-19 17:55:47,573 INFO         + Constructing with K=75...
BATCH_createVD 2019-05-19 17:56:01,502 INFO           - Saved the rectified and compressd co-occurrence for K=75!
BATCH_createVD 2019-05-19 17:56:01,503 INFO           - Elapsed seconds = 13.4488
BATCH_createVD 2019-05-19 17:56:01,504 INFO         + Constructing with K=100...
BATCH_createVD 2019-05-19 17:56:19,590 INFO           - Saved the rectified and compressd co-occurrence for K=100!
BATCH_createVD 2019-05-19 17:56:19,590 INFO           - Elapsed seconds = 17.6249
BATCH_createVD 2019-05-19 17:56:19,590 INFO       + Reading and parsing with N=4000...
BATCH_createVD 2019-05-19 17:56:20,965 INFO         + Constructing with K=5...
BATCH_createVD 2019-05-19 17:56:22,841 INFO           - Saved the rectified and compressd co-occurrence for K=5!
BATCH_createVD 2019-05-19 17:56:22,842 INFO           - Elapsed seconds = 1.4282
BATCH_createVD 2019-05-19 17:56:22,843 INFO         + Constructing with K=10...
BATCH_createVD 2019-05-19 17:56:25,460 INFO           - Saved the rectified and compressd co-occurrence for K=10!
BATCH_createVD 2019-05-19 17:56:25,462 INFO           - Elapsed seconds = 2.1937
BATCH_createVD 2019-05-19 17:56:25,463 INFO         + Constructing with K=15...
BATCH_createVD 2019-05-19 17:56:29,333 INFO           - Saved the rectified and compressd co-occurrence for K=15!
BATCH_createVD 2019-05-19 17:56:29,334 INFO           - Elapsed seconds = 3.3780
BATCH_createVD 2019-05-19 17:56:29,335 INFO         + Constructing with K=20...
BATCH_createVD 2019-05-19 17:56:34,193 INFO           - Saved the rectified and compressd co-occurrence for K=20!
BATCH_createVD 2019-05-19 17:56:34,193 INFO           - Elapsed seconds = 4.4082
BATCH_createVD 2019-05-19 17:56:34,193 INFO         + Constructing with K=25...
BATCH_createVD 2019-05-19 17:56:40,047 INFO           - Saved the rectified and compressd co-occurrence for K=25!
BATCH_createVD 2019-05-19 17:56:40,047 INFO           - Elapsed seconds = 5.3960
BATCH_createVD 2019-05-19 17:56:40,047 INFO         + Constructing with K=50...
BATCH_createVD 2019-05-19 17:56:50,876 INFO           - Saved the rectified and compressd co-occurrence for K=50!
BATCH_createVD 2019-05-19 17:56:50,877 INFO           - Elapsed seconds = 10.3763
BATCH_createVD 2019-05-19 17:56:50,877 INFO         + Constructing with K=75...
BATCH_createVD 2019-05-19 17:57:07,003 INFO           - Saved the rectified and compressd co-occurrence for K=75!
BATCH_createVD 2019-05-19 17:57:07,005 INFO           - Elapsed seconds = 15.6331
BATCH_createVD 2019-05-19 17:57:07,007 INFO         + Constructing with K=100...
BATCH_createVD 2019-05-19 17:57:28,038 INFO           - Saved the rectified and compressd co-occurrence for K=100!
BATCH_createVD 2019-05-19 17:57:28,038 INFO           - Elapsed seconds = 20.5583
BATCH_createVD 2019-05-19 17:57:28,038 INFO     + Start creating rectified and compressed datasets for [yelp]...
BATCH_createVD 2019-05-19 17:57:28,038 INFO       + Reading and parsing with N=600...
BATCH_createVD 2019-05-19 17:57:28,670 INFO         + Constructing with K=5...
BATCH_createVD 2019-05-19 17:57:29,254 INFO           - Saved the rectified and compressd co-occurrence for K=5!
BATCH_createVD 2019-05-19 17:57:29,255 INFO           - Elapsed seconds = 0.4455
BATCH_createVD 2019-05-19 17:57:29,256 INFO         + Constructing with K=10...
BATCH_createVD 2019-05-19 17:57:30,025 INFO           - Saved the rectified and compressd co-occurrence for K=10!
BATCH_createVD 2019-05-19 17:57:30,026 INFO           - Elapsed seconds = 0.6366
BATCH_createVD 2019-05-19 17:57:30,027 INFO         + Constructing with K=15...
BATCH_createVD 2019-05-19 17:57:31,151 INFO           - Saved the rectified and compressd co-occurrence for K=15!
BATCH_createVD 2019-05-19 17:57:31,152 INFO           - Elapsed seconds = 0.9792
BATCH_createVD 2019-05-19 17:57:31,153 INFO         + Constructing with K=20...
BATCH_createVD 2019-05-19 17:57:32,605 INFO           - Saved the rectified and compressd co-occurrence for K=20!
BATCH_createVD 2019-05-19 17:57:32,606 INFO           - Elapsed seconds = 1.2818
BATCH_createVD 2019-05-19 17:57:32,607 INFO         + Constructing with K=25...
BATCH_createVD 2019-05-19 17:57:34,240 INFO           - Saved the rectified and compressd co-occurrence for K=25!
BATCH_createVD 2019-05-19 17:57:34,240 INFO           - Elapsed seconds = 1.4717
BATCH_createVD 2019-05-19 17:57:34,240 INFO         + Constructing with K=50...
BATCH_createVD 2019-05-19 17:57:37,414 INFO           - Saved the rectified and compressd co-occurrence for K=50!
BATCH_createVD 2019-05-19 17:57:37,415 INFO           - Elapsed seconds = 2.9925
BATCH_createVD 2019-05-19 17:57:37,416 INFO         + Constructing with K=75...
BATCH_createVD 2019-05-19 17:57:42,008 INFO           - Saved the rectified and compressd co-occurrence for K=75!
BATCH_createVD 2019-05-19 17:57:42,008 INFO           - Elapsed seconds = 4.4391
BATCH_createVD 2019-05-19 17:57:42,008 INFO         + Constructing with K=100...
BATCH_createVD 2019-05-19 17:57:48,014 INFO           - Saved the rectified and compressd co-occurrence for K=100!
BATCH_createVD 2019-05-19 17:57:48,014 INFO           - Elapsed seconds = 5.8513
BATCH_createVD 2019-05-19 17:57:48,014 INFO       + Reading and parsing with N=1000...
BATCH_createVD 2019-05-19 17:57:48,732 INFO         + Constructing with K=5...
BATCH_createVD 2019-05-19 17:57:49,442 INFO           - Saved the rectified and compressd co-occurrence for K=5!
BATCH_createVD 2019-05-19 17:57:49,443 INFO           - Elapsed seconds = 0.5434
BATCH_createVD 2019-05-19 17:57:49,444 INFO         + Constructing with K=10...
BATCH_createVD 2019-05-19 17:57:50,466 INFO           - Saved the rectified and compressd co-occurrence for K=10!
BATCH_createVD 2019-05-19 17:57:50,466 INFO           - Elapsed seconds = 0.8596
BATCH_createVD 2019-05-19 17:57:50,466 INFO         + Constructing with K=15...
BATCH_createVD 2019-05-19 17:57:51,832 INFO           - Saved the rectified and compressd co-occurrence for K=15!
BATCH_createVD 2019-05-19 17:57:51,832 INFO           - Elapsed seconds = 1.1861
BATCH_createVD 2019-05-19 17:57:51,832 INFO         + Constructing with K=20...
BATCH_createVD 2019-05-19 17:57:53,430 INFO           - Saved the rectified and compressd co-occurrence for K=20!
BATCH_createVD 2019-05-19 17:57:53,432 INFO           - Elapsed seconds = 1.4046
BATCH_createVD 2019-05-19 17:57:53,434 INFO         + Constructing with K=25...
BATCH_createVD 2019-05-19 17:57:55,457 INFO           - Saved the rectified and compressd co-occurrence for K=25!
BATCH_createVD 2019-05-19 17:57:55,458 INFO           - Elapsed seconds = 1.8315
BATCH_createVD 2019-05-19 17:57:55,460 INFO         + Constructing with K=50...
BATCH_createVD 2019-05-19 17:57:59,049 INFO           - Saved the rectified and compressd co-occurrence for K=50!
BATCH_createVD 2019-05-19 17:57:59,050 INFO           - Elapsed seconds = 3.4256
BATCH_createVD 2019-05-19 17:57:59,052 INFO         + Constructing with K=75...
BATCH_createVD 2019-05-19 17:58:04,314 INFO           - Saved the rectified and compressd co-occurrence for K=75!
BATCH_createVD 2019-05-19 17:58:04,314 INFO           - Elapsed seconds = 5.0760
BATCH_createVD 2019-05-19 17:58:04,314 INFO         + Constructing with K=100...
BATCH_createVD 2019-05-19 17:58:11,405 INFO           - Saved the rectified and compressd co-occurrence for K=100!
BATCH_createVD 2019-05-19 17:58:11,407 INFO           - Elapsed seconds = 6.8738
BATCH_createVD 2019-05-19 17:58:11,409 INFO       + Reading and parsing with N=1200...
BATCH_createVD 2019-05-19 17:58:12,087 INFO         + Constructing with K=5...
BATCH_createVD 2019-05-19 17:58:12,879 INFO           - Saved the rectified and compressd co-occurrence for K=5!
BATCH_createVD 2019-05-19 17:58:12,880 INFO           - Elapsed seconds = 0.5925
BATCH_createVD 2019-05-19 17:58:12,881 INFO         + Constructing with K=10...
BATCH_createVD 2019-05-19 17:58:13,858 INFO           - Saved the rectified and compressd co-occurrence for K=10!
BATCH_createVD 2019-05-19 17:58:13,858 INFO           - Elapsed seconds = 0.8144
BATCH_createVD 2019-05-19 17:58:13,858 INFO         + Constructing with K=15...
BATCH_createVD 2019-05-19 17:58:15,272 INFO           - Saved the rectified and compressd co-occurrence for K=15!
BATCH_createVD 2019-05-19 17:58:15,272 INFO           - Elapsed seconds = 1.2144
BATCH_createVD 2019-05-19 17:58:15,273 INFO         + Constructing with K=20...
BATCH_createVD 2019-05-19 17:58:17,064 INFO           - Saved the rectified and compressd co-occurrence for K=20!
BATCH_createVD 2019-05-19 17:58:17,066 INFO           - Elapsed seconds = 1.5941
BATCH_createVD 2019-05-19 17:58:17,067 INFO         + Constructing with K=25...
BATCH_createVD 2019-05-19 17:58:19,119 INFO           - Saved the rectified and compressd co-occurrence for K=25!
BATCH_createVD 2019-05-19 17:58:19,121 INFO           - Elapsed seconds = 1.8481
BATCH_createVD 2019-05-19 17:58:19,122 INFO         + Constructing with K=50...
BATCH_createVD 2019-05-19 17:58:22,995 INFO           - Saved the rectified and compressd co-occurrence for K=50!
BATCH_createVD 2019-05-19 17:58:22,996 INFO           - Elapsed seconds = 3.6646
BATCH_createVD 2019-05-19 17:58:22,997 INFO         + Constructing with K=75...
BATCH_createVD 2019-05-19 17:58:28,963 INFO           - Saved the rectified and compressd co-occurrence for K=75!
BATCH_createVD 2019-05-19 17:58:28,964 INFO           - Elapsed seconds = 5.7852
BATCH_createVD 2019-05-19 17:58:28,964 INFO         + Constructing with K=100...
BATCH_createVD 2019-05-19 17:58:36,372 INFO           - Saved the rectified and compressd co-occurrence for K=100!
BATCH_createVD 2019-05-19 17:58:36,373 INFO           - Elapsed seconds = 7.2121
BATCH_createVD 2019-05-19 17:58:36,374 INFO       + Reading and parsing with N=1400...
BATCH_createVD 2019-05-19 17:58:37,017 INFO         + Constructing with K=5...
BATCH_createVD 2019-05-19 17:58:37,859 INFO           - Saved the rectified and compressd co-occurrence for K=5!
BATCH_createVD 2019-05-19 17:58:37,859 INFO           - Elapsed seconds = 0.6211
BATCH_createVD 2019-05-19 17:58:37,859 INFO         + Constructing with K=10...
BATCH_createVD 2019-05-19 17:58:38,999 INFO           - Saved the rectified and compressd co-occurrence for K=10!
BATCH_createVD 2019-05-19 17:58:39,000 INFO           - Elapsed seconds = 0.9443
BATCH_createVD 2019-05-19 17:58:39,002 INFO         + Constructing with K=15...
BATCH_createVD 2019-05-19 17:58:40,491 INFO           - Saved the rectified and compressd co-occurrence for K=15!
BATCH_createVD 2019-05-19 17:58:40,491 INFO           - Elapsed seconds = 1.2702
BATCH_createVD 2019-05-19 17:58:40,491 INFO         + Constructing with K=20...
BATCH_createVD 2019-05-19 17:58:42,536 INFO           - Saved the rectified and compressd co-occurrence for K=20!
BATCH_createVD 2019-05-19 17:58:42,539 INFO           - Elapsed seconds = 1.7924
BATCH_createVD 2019-05-19 17:58:42,540 INFO         + Constructing with K=25...
BATCH_createVD 2019-05-19 17:58:44,709 INFO           - Saved the rectified and compressd co-occurrence for K=25!
BATCH_createVD 2019-05-19 17:58:44,710 INFO           - Elapsed seconds = 1.9556
BATCH_createVD 2019-05-19 17:58:44,710 INFO         + Constructing with K=50...
BATCH_createVD 2019-05-19 17:58:48,724 INFO           - Saved the rectified and compressd co-occurrence for K=50!
BATCH_createVD 2019-05-19 17:58:48,725 INFO           - Elapsed seconds = 3.8151
BATCH_createVD 2019-05-19 17:58:48,726 INFO         + Constructing with K=75...
BATCH_createVD 2019-05-19 17:58:54,751 INFO           - Saved the rectified and compressd co-occurrence for K=75!
BATCH_createVD 2019-05-19 17:58:54,753 INFO           - Elapsed seconds = 5.8011
BATCH_createVD 2019-05-19 17:58:54,754 INFO         + Constructing with K=100...
BATCH_createVD 2019-05-19 17:59:02,759 INFO           - Saved the rectified and compressd co-occurrence for K=100!
BATCH_createVD 2019-05-19 17:59:02,760 INFO           - Elapsed seconds = 7.8017
BATCH_createVD 2019-05-19 17:59:02,760 INFO       + Reading and parsing with N=1600...
BATCH_createVD 2019-05-19 17:59:03,365 INFO         + Constructing with K=5...
BATCH_createVD 2019-05-19 17:59:04,146 INFO           - Saved the rectified and compressd co-occurrence for K=5!
BATCH_createVD 2019-05-19 17:59:04,146 INFO           - Elapsed seconds = 0.6055
BATCH_createVD 2019-05-19 17:59:04,146 INFO         + Constructing with K=10...
BATCH_createVD 2019-05-19 17:59:05,237 INFO           - Saved the rectified and compressd co-occurrence for K=10!
BATCH_createVD 2019-05-19 17:59:05,239 INFO           - Elapsed seconds = 0.8940
BATCH_createVD 2019-05-19 17:59:05,241 INFO         + Constructing with K=15...
BATCH_createVD 2019-05-19 17:59:06,694 INFO           - Saved the rectified and compressd co-occurrence for K=15!
BATCH_createVD 2019-05-19 17:59:06,694 INFO           - Elapsed seconds = 1.2724
BATCH_createVD 2019-05-19 17:59:06,696 INFO         + Constructing with K=20...
BATCH_createVD 2019-05-19 17:59:08,558 INFO           - Saved the rectified and compressd co-occurrence for K=20!
BATCH_createVD 2019-05-19 17:59:08,560 INFO           - Elapsed seconds = 1.6487
BATCH_createVD 2019-05-19 17:59:08,562 INFO         + Constructing with K=25...
BATCH_createVD 2019-05-19 17:59:10,857 INFO           - Saved the rectified and compressd co-occurrence for K=25!
BATCH_createVD 2019-05-19 17:59:10,859 INFO           - Elapsed seconds = 2.0951
BATCH_createVD 2019-05-19 17:59:10,860 INFO         + Constructing with K=50...
BATCH_createVD 2019-05-19 17:59:15,024 INFO           - Saved the rectified and compressd co-occurrence for K=50!
BATCH_createVD 2019-05-19 17:59:15,026 INFO           - Elapsed seconds = 3.9630
BATCH_createVD 2019-05-19 17:59:15,028 INFO         + Constructing with K=75...
BATCH_createVD 2019-05-19 17:59:21,351 INFO           - Saved the rectified and compressd co-occurrence for K=75!
BATCH_createVD 2019-05-19 17:59:21,353 INFO           - Elapsed seconds = 6.1186
BATCH_createVD 2019-05-19 17:59:21,354 INFO         + Constructing with K=100...
BATCH_createVD 2019-05-19 17:59:29,825 INFO           - Saved the rectified and compressd co-occurrence for K=100!
BATCH_createVD 2019-05-19 17:59:29,825 INFO           - Elapsed seconds = 8.2701
BATCH_createVD 2019-05-19 17:59:29,825 INFO     + Start creating rectified and compressed datasets for [nips]...
BATCH_createVD 2019-05-19 17:59:29,825 INFO       + Reading and parsing with N=3750...
BATCH_createVD 2019-05-19 17:59:31,001 INFO         + Constructing with K=5...
BATCH_createVD 2019-05-19 17:59:31,682 INFO           - Saved the rectified and compressd co-occurrence for K=5!
BATCH_createVD 2019-05-19 17:59:31,682 INFO           - Elapsed seconds = 0.4995
BATCH_createVD 2019-05-19 17:59:31,682 INFO         + Constructing with K=10...
BATCH_createVD 2019-05-19 17:59:32,696 INFO           - Saved the rectified and compressd co-occurrence for K=10!
BATCH_createVD 2019-05-19 17:59:32,697 INFO           - Elapsed seconds = 0.8232
BATCH_createVD 2019-05-19 17:59:32,697 INFO         + Constructing with K=15...
BATCH_createVD 2019-05-19 17:59:34,124 INFO           - Saved the rectified and compressd co-occurrence for K=15!
BATCH_createVD 2019-05-19 17:59:34,139 INFO           - Elapsed seconds = 1.2265
BATCH_createVD 2019-05-19 17:59:34,139 INFO         + Constructing with K=20...
BATCH_createVD 2019-05-19 17:59:36,110 INFO           - Saved the rectified and compressd co-occurrence for K=20!
BATCH_createVD 2019-05-19 17:59:36,110 INFO           - Elapsed seconds = 1.7728
BATCH_createVD 2019-05-19 17:59:36,126 INFO         + Constructing with K=25...
BATCH_createVD 2019-05-19 17:59:38,675 INFO           - Saved the rectified and compressd co-occurrence for K=25!
BATCH_createVD 2019-05-19 17:59:38,677 INFO           - Elapsed seconds = 2.3413
BATCH_createVD 2019-05-19 17:59:38,678 INFO         + Constructing with K=50...
BATCH_createVD 2019-05-19 17:59:43,372 INFO           - Saved the rectified and compressd co-occurrence for K=50!
BATCH_createVD 2019-05-19 17:59:43,373 INFO           - Elapsed seconds = 4.4634
BATCH_createVD 2019-05-19 17:59:43,374 INFO         + Constructing with K=75...
BATCH_createVD 2019-05-19 17:59:50,226 INFO           - Saved the rectified and compressd co-occurrence for K=75!
BATCH_createVD 2019-05-19 17:59:50,226 INFO           - Elapsed seconds = 6.6286
BATCH_createVD 2019-05-19 17:59:50,226 INFO         + Constructing with K=100...
BATCH_createVD 2019-05-19 17:59:59,444 INFO           - Saved the rectified and compressd co-occurrence for K=100!
BATCH_createVD 2019-05-19 17:59:59,444 INFO           - Elapsed seconds = 8.9325
BATCH_createVD 2019-05-19 17:59:59,445 INFO       + Reading and parsing with N=6250...
BATCH_createVD 2019-05-19 18:00:00,544 INFO         + Constructing with K=5...
BATCH_createVD 2019-05-19 18:00:01,317 INFO           - Saved the rectified and compressd co-occurrence for K=5!
BATCH_createVD 2019-05-19 18:00:01,318 INFO           - Elapsed seconds = 0.5683
BATCH_createVD 2019-05-19 18:00:01,319 INFO         + Constructing with K=10...
BATCH_createVD 2019-05-19 18:00:02,718 INFO           - Saved the rectified and compressd co-occurrence for K=10!
BATCH_createVD 2019-05-19 18:00:02,720 INFO           - Elapsed seconds = 1.1612
BATCH_createVD 2019-05-19 18:00:02,721 INFO         + Constructing with K=15...
BATCH_createVD 2019-05-19 18:00:04,767 INFO           - Saved the rectified and compressd co-occurrence for K=15!
BATCH_createVD 2019-05-19 18:00:04,768 INFO           - Elapsed seconds = 1.8359
BATCH_createVD 2019-05-19 18:00:04,770 INFO         + Constructing with K=20...
BATCH_createVD 2019-05-19 18:00:07,277 INFO           - Saved the rectified and compressd co-occurrence for K=20!
BATCH_createVD 2019-05-19 18:00:07,279 INFO           - Elapsed seconds = 2.2551
BATCH_createVD 2019-05-19 18:00:07,280 INFO         + Constructing with K=25...
BATCH_createVD 2019-05-19 18:00:10,551 INFO           - Saved the rectified and compressd co-occurrence for K=25!
BATCH_createVD 2019-05-19 18:00:10,553 INFO           - Elapsed seconds = 3.0373
BATCH_createVD 2019-05-19 18:00:10,554 INFO         + Constructing with K=50...
BATCH_createVD 2019-05-19 18:00:16,506 INFO           - Saved the rectified and compressd co-occurrence for K=50!
BATCH_createVD 2019-05-19 18:00:16,506 INFO           - Elapsed seconds = 5.7142
BATCH_createVD 2019-05-19 18:00:16,506 INFO         + Constructing with K=75...
BATCH_createVD 2019-05-19 18:00:25,684 INFO           - Saved the rectified and compressd co-occurrence for K=75!
BATCH_createVD 2019-05-19 18:00:25,684 INFO           - Elapsed seconds = 8.9153
BATCH_createVD 2019-05-19 18:00:25,684 INFO         + Constructing with K=100...
BATCH_createVD 2019-05-19 18:00:37,876 INFO           - Saved the rectified and compressd co-occurrence for K=100!
BATCH_createVD 2019-05-19 18:00:37,876 INFO           - Elapsed seconds = 11.8719
BATCH_createVD 2019-05-19 18:00:37,876 INFO       + Reading and parsing with N=7500...
BATCH_createVD 2019-05-19 18:00:39,022 INFO         + Constructing with K=5...
BATCH_createVD 2019-05-19 18:00:39,848 INFO           - Saved the rectified and compressd co-occurrence for K=5!
BATCH_createVD 2019-05-19 18:00:39,848 INFO           - Elapsed seconds = 0.6159
BATCH_createVD 2019-05-19 18:00:39,848 INFO         + Constructing with K=10...
BATCH_createVD 2019-05-19 18:00:41,575 INFO           - Saved the rectified and compressd co-occurrence for K=10!
BATCH_createVD 2019-05-19 18:00:41,575 INFO           - Elapsed seconds = 1.5082
BATCH_createVD 2019-05-19 18:00:41,575 INFO         + Constructing with K=15...
BATCH_createVD 2019-05-19 18:00:43,847 INFO           - Saved the rectified and compressd co-occurrence for K=15!
BATCH_createVD 2019-05-19 18:00:43,847 INFO           - Elapsed seconds = 2.0407
BATCH_createVD 2019-05-19 18:00:43,847 INFO         + Constructing with K=20...
BATCH_createVD 2019-05-19 18:00:46,653 INFO           - Saved the rectified and compressd co-occurrence for K=20!
BATCH_createVD 2019-05-19 18:00:46,655 INFO           - Elapsed seconds = 2.5490
BATCH_createVD 2019-05-19 18:00:46,656 INFO         + Constructing with K=25...
BATCH_createVD 2019-05-19 18:00:50,179 INFO           - Saved the rectified and compressd co-occurrence for K=25!
BATCH_createVD 2019-05-19 18:00:50,179 INFO           - Elapsed seconds = 3.2427
BATCH_createVD 2019-05-19 18:00:50,179 INFO         + Constructing with K=50...
BATCH_createVD 2019-05-19 18:00:57,032 INFO           - Saved the rectified and compressd co-occurrence for K=50!
BATCH_createVD 2019-05-19 18:00:57,034 INFO           - Elapsed seconds = 6.5709
BATCH_createVD 2019-05-19 18:00:57,035 INFO         + Constructing with K=75...
BATCH_createVD 2019-05-19 18:01:07,116 INFO           - Saved the rectified and compressd co-occurrence for K=75!
BATCH_createVD 2019-05-19 18:01:07,118 INFO           - Elapsed seconds = 9.7760
BATCH_createVD 2019-05-19 18:01:07,120 INFO         + Constructing with K=100...
BATCH_createVD 2019-05-19 18:01:20,857 INFO           - Saved the rectified and compressd co-occurrence for K=100!
BATCH_createVD 2019-05-19 18:01:20,858 INFO           - Elapsed seconds = 13.4183
BATCH_createVD 2019-05-19 18:01:20,859 INFO       + Reading and parsing with N=8750...
BATCH_createVD 2019-05-19 18:01:22,004 INFO         + Constructing with K=5...
BATCH_createVD 2019-05-19 18:01:22,981 INFO           - Saved the rectified and compressd co-occurrence for K=5!
BATCH_createVD 2019-05-19 18:01:22,983 INFO           - Elapsed seconds = 0.7437
BATCH_createVD 2019-05-19 18:01:22,984 INFO         + Constructing with K=10...
BATCH_createVD 2019-05-19 18:01:24,707 INFO           - Saved the rectified and compressd co-occurrence for K=10!
BATCH_createVD 2019-05-19 18:01:24,710 INFO           - Elapsed seconds = 1.4898
BATCH_createVD 2019-05-19 18:01:24,711 INFO         + Constructing with K=15...
BATCH_createVD 2019-05-19 18:01:27,098 INFO           - Saved the rectified and compressd co-occurrence for K=15!
BATCH_createVD 2019-05-19 18:01:27,098 INFO           - Elapsed seconds = 2.1598
BATCH_createVD 2019-05-19 18:01:27,099 INFO         + Constructing with K=20...
BATCH_createVD 2019-05-19 18:01:30,412 INFO           - Saved the rectified and compressd co-occurrence for K=20!
BATCH_createVD 2019-05-19 18:01:30,412 INFO           - Elapsed seconds = 3.0581
BATCH_createVD 2019-05-19 18:01:30,412 INFO         + Constructing with K=25...
BATCH_createVD 2019-05-19 18:01:34,038 INFO           - Saved the rectified and compressd co-occurrence for K=25!
BATCH_createVD 2019-05-19 18:01:34,053 INFO           - Elapsed seconds = 3.3856
BATCH_createVD 2019-05-19 18:01:34,053 INFO         + Constructing with K=50...
BATCH_createVD 2019-05-19 18:01:41,422 INFO           - Saved the rectified and compressd co-occurrence for K=50!
BATCH_createVD 2019-05-19 18:01:41,423 INFO           - Elapsed seconds = 7.0777
BATCH_createVD 2019-05-19 18:01:41,423 INFO         + Constructing with K=75...
BATCH_createVD 2019-05-19 18:01:52,369 INFO           - Saved the rectified and compressd co-occurrence for K=75!
BATCH_createVD 2019-05-19 18:01:52,369 INFO           - Elapsed seconds = 10.6149
BATCH_createVD 2019-05-19 18:01:52,385 INFO         + Constructing with K=100...
BATCH_createVD 2019-05-19 18:02:07,365 INFO           - Saved the rectified and compressd co-occurrence for K=100!
BATCH_createVD 2019-05-19 18:02:07,366 INFO           - Elapsed seconds = 14.6349
BATCH_createVD 2019-05-19 18:02:07,367 INFO     + Start creating rectified and compressed datasets for [nytimes]...
BATCH_createVD 2019-05-19 18:02:07,368 INFO       + Reading and parsing with N=22500...
BATCH_createVD 2019-05-19 18:02:59,435 INFO         + Constructing with K=5...
BATCH_createVD 2019-05-19 18:04:40,503 INFO           - Saved the rectified and compressd co-occurrence for K=5!
BATCH_createVD 2019-05-19 18:04:40,503 INFO           - Elapsed seconds = 83.3298
BATCH_createVD 2019-05-19 18:04:40,503 INFO         + Constructing with K=10...
BATCH_createVD 2019-05-19 18:07:24,818 INFO           - Saved the rectified and compressd co-occurrence for K=10!
BATCH_createVD 2019-05-19 18:07:24,819 INFO           - Elapsed seconds = 146.7076
BATCH_createVD 2019-05-19 18:07:24,821 INFO         + Constructing with K=15...
BATCH_createVD 2019-05-19 18:11:16,321 INFO           - Saved the rectified and compressd co-occurrence for K=15!
BATCH_createVD 2019-05-19 18:11:16,321 INFO           - Elapsed seconds = 214.0821
BATCH_createVD 2019-05-19 18:11:16,321 INFO         + Constructing with K=20...
BATCH_createVD 2019-05-19 18:16:08,101 INFO           - Saved the rectified and compressd co-occurrence for K=20!
BATCH_createVD 2019-05-19 18:16:08,101 INFO           - Elapsed seconds = 274.2541
BATCH_createVD 2019-05-19 18:16:08,101 INFO         + Constructing with K=25...
BATCH_createVD 2019-05-19 18:22:08,238 INFO           - Saved the rectified and compressd co-occurrence for K=25!
BATCH_createVD 2019-05-19 18:22:08,238 INFO           - Elapsed seconds = 342.4661
BATCH_createVD 2019-05-19 18:22:08,238 INFO         + Constructing with K=50...
BATCH_createVD 2019-05-19 18:33:29,214 INFO           - Saved the rectified and compressd co-occurrence for K=50!
BATCH_createVD 2019-05-19 18:33:29,215 INFO           - Elapsed seconds = 663.0677
BATCH_createVD 2019-05-19 18:33:29,216 INFO         + Constructing with K=75...
BATCH_createVD 2019-05-19 18:50:18,601 INFO           - Saved the rectified and compressd co-occurrence for K=75!
BATCH_createVD 2019-05-19 18:50:18,603 INFO           - Elapsed seconds = 991.5848
BATCH_createVD 2019-05-19 18:50:18,604 INFO         + Constructing with K=100...
BATCH_createVD 2019-05-19 19:13:08,569 INFO           - Saved the rectified and compressd co-occurrence for K=100!
BATCH_createVD 2019-05-19 19:13:08,572 INFO           - Elapsed seconds = 1350.6102
BATCH_createVD 2019-05-19 19:13:08,573 INFO         + Constructing with K=125...
BATCH_createVD 2019-05-19 19:41:21,307 INFO           - Saved the rectified and compressd co-occurrence for K=125!
BATCH_createVD 2019-05-19 19:41:21,309 INFO           - Elapsed seconds = 1674.6011
BATCH_createVD 2019-05-19 19:41:21,311 INFO         + Constructing with K=150...
BATCH_createVD 2019-05-19 20:14:59,169 INFO           - Saved the rectified and compressd co-occurrence for K=150!
BATCH_createVD 2019-05-19 20:14:59,172 INFO           - Elapsed seconds = 1999.3707
BATCH_createVD 2019-05-19 20:14:59,174 INFO       + Reading and parsing with N=37500...
BATCH_createVD 2019-05-19 20:15:52,688 INFO         + Constructing with K=5...
BATCH_createVD 2019-05-19 20:17:42,977 INFO           - Saved the rectified and compressd co-occurrence for K=5!
BATCH_createVD 2019-05-19 20:17:42,980 INFO           - Elapsed seconds = 91.6185
BATCH_createVD 2019-05-19 20:17:42,981 INFO         + Constructing with K=10...
BATCH_createVD 2019-05-19 20:20:42,404 INFO           - Saved the rectified and compressd co-occurrence for K=10!
BATCH_createVD 2019-05-19 20:20:42,406 INFO           - Elapsed seconds = 160.9295
BATCH_createVD 2019-05-19 20:20:42,407 INFO         + Constructing with K=15...
BATCH_createVD 2019-05-19 20:24:58,551 INFO           - Saved the rectified and compressd co-occurrence for K=15!
BATCH_createVD 2019-05-19 20:24:58,553 INFO           - Elapsed seconds = 237.6177
BATCH_createVD 2019-05-19 20:24:58,555 INFO         + Constructing with K=20...
BATCH_createVD 2019-05-19 20:30:20,266 INFO           - Saved the rectified and compressd co-occurrence for K=20!
BATCH_createVD 2019-05-19 20:30:20,268 INFO           - Elapsed seconds = 303.1767
BATCH_createVD 2019-05-19 20:30:20,269 INFO         + Constructing with K=25...
BATCH_createVD 2019-05-19 20:36:58,245 INFO           - Saved the rectified and compressd co-occurrence for K=25!
BATCH_createVD 2019-05-19 20:36:58,246 INFO           - Elapsed seconds = 379.4019
BATCH_createVD 2019-05-19 20:36:58,247 INFO         + Constructing with K=50...
BATCH_createVD 2019-05-19 20:49:39,698 INFO           - Saved the rectified and compressd co-occurrence for K=50!
BATCH_createVD 2019-05-19 20:49:39,699 INFO           - Elapsed seconds = 742.3675
BATCH_createVD 2019-05-19 20:49:39,699 INFO         + Constructing with K=75...
BATCH_createVD 2019-05-19 21:08:37,166 INFO           - Saved the rectified and compressd co-occurrence for K=75!
BATCH_createVD 2019-05-19 21:08:37,168 INFO           - Elapsed seconds = 1117.5680
BATCH_createVD 2019-05-19 21:08:37,173 INFO         + Constructing with K=100...
BATCH_createVD 2019-05-19 21:33:33,512 INFO           - Saved the rectified and compressd co-occurrence for K=100!
BATCH_createVD 2019-05-19 21:33:33,512 INFO           - Elapsed seconds = 1476.7827
BATCH_createVD 2019-05-19 21:33:33,516 INFO         + Constructing with K=125...
BATCH_createVD 2019-05-19 22:04:22,220 INFO           - Saved the rectified and compressd co-occurrence for K=125!
BATCH_createVD 2019-05-19 22:04:22,222 INFO           - Elapsed seconds = 1829.2955
BATCH_createVD 2019-05-19 22:04:22,223 INFO         + Constructing with K=150...
BATCH_createVD 2019-05-19 22:41:22,288 INFO           - Saved the rectified and compressd co-occurrence for K=150!
BATCH_createVD 2019-05-19 22:41:22,289 INFO           - Elapsed seconds = 2200.2790
BATCH_createVD 2019-05-19 22:41:22,290 INFO       + Reading and parsing with N=45000...
BATCH_createVD 2019-05-19 22:42:16,997 INFO         + Constructing with K=5...
BATCH_createVD 2019-05-19 22:44:12,488 INFO           - Saved the rectified and compressd co-occurrence for K=5!
BATCH_createVD 2019-05-19 22:44:12,489 INFO           - Elapsed seconds = 96.4997
BATCH_createVD 2019-05-19 22:44:12,489 INFO         + Constructing with K=10...
BATCH_createVD 2019-05-19 22:47:20,018 INFO           - Saved the rectified and compressd co-occurrence for K=10!
BATCH_createVD 2019-05-19 22:47:20,021 INFO           - Elapsed seconds = 168.2264
BATCH_createVD 2019-05-19 22:47:20,022 INFO         + Constructing with K=15...
BATCH_createVD 2019-05-19 22:51:46,029 INFO           - Saved the rectified and compressd co-occurrence for K=15!
BATCH_createVD 2019-05-19 22:51:46,031 INFO           - Elapsed seconds = 246.8460
BATCH_createVD 2019-05-19 22:51:46,033 INFO         + Constructing with K=20...
BATCH_createVD 2019-05-19 22:57:21,936 INFO           - Saved the rectified and compressd co-occurrence for K=20!
BATCH_createVD 2019-05-19 22:57:21,939 INFO           - Elapsed seconds = 316.7214
BATCH_createVD 2019-05-19 22:57:21,940 INFO         + Constructing with K=25...
BATCH_createVD 2019-05-19 23:04:14,418 INFO           - Saved the rectified and compressd co-occurrence for K=25!
BATCH_createVD 2019-05-19 23:04:14,421 INFO           - Elapsed seconds = 393.4195
BATCH_createVD 2019-05-19 23:04:14,423 INFO         + Constructing with K=50...
BATCH_createVD 2019-05-19 23:17:19,335 INFO           - Saved the rectified and compressd co-occurrence for K=50!
BATCH_createVD 2019-05-19 23:17:19,337 INFO           - Elapsed seconds = 765.3645
BATCH_createVD 2019-05-19 23:17:19,339 INFO         + Constructing with K=75...
BATCH_createVD 2019-05-19 23:37:02,177 INFO           - Saved the rectified and compressd co-occurrence for K=75!
BATCH_createVD 2019-05-19 23:37:02,179 INFO           - Elapsed seconds = 1163.1081
BATCH_createVD 2019-05-19 23:37:02,181 INFO         + Constructing with K=100...
BATCH_createVD 2019-05-20 00:02:39,216 INFO           - Saved the rectified and compressd co-occurrence for K=100!
BATCH_createVD 2019-05-20 00:02:39,219 INFO           - Elapsed seconds = 1516.5965
BATCH_createVD 2019-05-20 00:02:39,221 INFO         + Constructing with K=125...
BATCH_createVD 2019-05-20 00:34:39,313 INFO           - Saved the rectified and compressd co-occurrence for K=125!
BATCH_createVD 2019-05-20 00:34:39,314 INFO           - Elapsed seconds = 1899.2872
BATCH_createVD 2019-05-20 00:34:39,315 INFO         + Constructing with K=150...
BATCH_createVD 2019-05-20 01:12:45,097 INFO           - Saved the rectified and compressd co-occurrence for K=150!
BATCH_createVD 2019-05-20 01:12:45,098 INFO           - Elapsed seconds = 2265.2778
BATCH_createVD 2019-05-20 01:12:45,100 INFO       + Reading and parsing with N=52500...
BATCH_createVD 2019-05-20 01:13:40,505 INFO         + Constructing with K=5...
BATCH_createVD 2019-05-20 01:15:38,183 INFO           - Saved the rectified and compressd co-occurrence for K=5!
BATCH_createVD 2019-05-20 01:15:38,186 INFO           - Elapsed seconds = 98.2383
BATCH_createVD 2019-05-20 01:15:38,188 INFO         + Constructing with K=10...
BATCH_createVD 2019-05-20 01:18:48,151 INFO           - Saved the rectified and compressd co-occurrence for K=10!
BATCH_createVD 2019-05-20 01:18:48,153 INFO           - Elapsed seconds = 170.8457
BATCH_createVD 2019-05-20 01:18:48,155 INFO         + Constructing with K=15...
BATCH_createVD 2019-05-20 01:23:18,804 INFO           - Saved the rectified and compressd co-occurrence for K=15!
BATCH_createVD 2019-05-20 01:23:18,806 INFO           - Elapsed seconds = 251.2968
BATCH_createVD 2019-05-20 01:23:18,806 INFO         + Constructing with K=20...
BATCH_createVD 2019-05-20 01:29:02,664 INFO           - Saved the rectified and compressd co-occurrence for K=20!
BATCH_createVD 2019-05-20 01:29:02,665 INFO           - Elapsed seconds = 324.5268
BATCH_createVD 2019-05-20 01:29:02,666 INFO         + Constructing with K=25...
BATCH_createVD 2019-05-20 01:36:09,918 INFO           - Saved the rectified and compressd co-occurrence for K=25!
BATCH_createVD 2019-05-20 01:36:09,919 INFO           - Elapsed seconds = 407.7963
BATCH_createVD 2019-05-20 01:36:09,920 INFO         + Constructing with K=50...
BATCH_createVD 2019-05-20 01:49:31,958 INFO           - Saved the rectified and compressd co-occurrence for K=50!
BATCH_createVD 2019-05-20 01:49:31,960 INFO           - Elapsed seconds = 782.0886
BATCH_createVD 2019-05-20 01:49:31,962 INFO         + Constructing with K=75...
BATCH_createVD 2019-05-20 02:09:31,136 INFO           - Saved the rectified and compressd co-occurrence for K=75!
BATCH_createVD 2019-05-20 02:09:31,138 INFO           - Elapsed seconds = 1179.1975
BATCH_createVD 2019-05-20 02:09:31,139 INFO         + Constructing with K=100...
BATCH_createVD 2019-05-20 02:35:38,326 INFO           - Saved the rectified and compressd co-occurrence for K=100!
BATCH_createVD 2019-05-20 02:35:38,327 INFO           - Elapsed seconds = 1547.0962
BATCH_createVD 2019-05-20 02:35:38,327 INFO         + Constructing with K=125...
BATCH_createVD 2019-05-20 03:08:18,599 INFO           - Saved the rectified and compressd co-occurrence for K=125!
BATCH_createVD 2019-05-20 03:08:18,601 INFO           - Elapsed seconds = 1938.7931
BATCH_createVD 2019-05-20 03:08:18,602 INFO         + Constructing with K=150...
BATCH_createVD 2019-05-20 03:47:26,785 INFO           - Saved the rectified and compressd co-occurrence for K=150!
BATCH_createVD 2019-05-20 03:47:26,791 INFO           - Elapsed seconds = 2326.8542
BATCH_createVD 2019-05-20 03:47:26,817 INFO     + Start creating rectified and compressed datasets for [movies]...
BATCH_createVD 2019-05-20 03:47:26,825 INFO       + Reading and parsing with N=3750...
BATCH_createVD 2019-05-20 03:47:34,739 INFO         + Constructing with K=5...
BATCH_createVD 2019-05-20 03:47:47,351 INFO           - Saved the rectified and compressd co-occurrence for K=5!
BATCH_createVD 2019-05-20 03:47:47,352 INFO           - Elapsed seconds = 9.0741
BATCH_createVD 2019-05-20 03:47:47,353 INFO         + Constructing with K=10...
BATCH_createVD 2019-05-20 03:48:05,538 INFO           - Saved the rectified and compressd co-occurrence for K=10!
BATCH_createVD 2019-05-20 03:48:05,540 INFO           - Elapsed seconds = 14.6798
BATCH_createVD 2019-05-20 03:48:05,545 INFO         + Constructing with K=15...
BATCH_createVD 2019-05-20 03:48:29,862 INFO           - Saved the rectified and compressd co-occurrence for K=15!
BATCH_createVD 2019-05-20 03:48:29,864 INFO           - Elapsed seconds = 20.7686
BATCH_createVD 2019-05-20 03:48:29,866 INFO         + Constructing with K=20...
BATCH_createVD 2019-05-20 03:48:59,941 INFO           - Saved the rectified and compressd co-occurrence for K=20!
BATCH_createVD 2019-05-20 03:48:59,943 INFO           - Elapsed seconds = 26.5384
BATCH_createVD 2019-05-20 03:48:59,944 INFO         + Constructing with K=25...
BATCH_createVD 2019-05-20 03:49:36,494 INFO           - Saved the rectified and compressd co-occurrence for K=25!
BATCH_createVD 2019-05-20 03:49:36,495 INFO           - Elapsed seconds = 33.0310
BATCH_createVD 2019-05-20 03:49:36,496 INFO         + Constructing with K=50...
BATCH_createVD 2019-05-20 03:50:44,379 INFO           - Saved the rectified and compressd co-occurrence for K=50!
BATCH_createVD 2019-05-20 03:50:44,382 INFO           - Elapsed seconds = 64.3727
BATCH_createVD 2019-05-20 03:50:44,384 INFO         + Constructing with K=75...
BATCH_createVD 2019-05-20 03:52:21,905 INFO           - Saved the rectified and compressd co-occurrence for K=75!
BATCH_createVD 2019-05-20 03:52:21,907 INFO           - Elapsed seconds = 93.9967
BATCH_createVD 2019-05-20 03:52:21,909 INFO         + Constructing with K=100...
BATCH_createVD 2019-05-20 03:54:28,631 INFO           - Saved the rectified and compressd co-occurrence for K=100!
BATCH_createVD 2019-05-20 03:54:28,632 INFO           - Elapsed seconds = 123.1760
BATCH_createVD 2019-05-20 03:54:28,632 INFO       + Reading and parsing with N=6250...
BATCH_createVD 2019-05-20 03:54:36,150 INFO         + Constructing with K=5...
BATCH_createVD 2019-05-20 03:54:49,052 INFO           - Saved the rectified and compressd co-occurrence for K=5!
BATCH_createVD 2019-05-20 03:54:49,054 INFO           - Elapsed seconds = 9.2623
BATCH_createVD 2019-05-20 03:54:49,056 INFO         + Constructing with K=10...
BATCH_createVD 2019-05-20 03:55:08,454 INFO           - Saved the rectified and compressd co-occurrence for K=10!
BATCH_createVD 2019-05-20 03:55:08,456 INFO           - Elapsed seconds = 15.6619
BATCH_createVD 2019-05-20 03:55:08,458 INFO         + Constructing with K=15...
BATCH_createVD 2019-05-20 03:55:34,867 INFO           - Saved the rectified and compressd co-occurrence for K=15!
BATCH_createVD 2019-05-20 03:55:34,868 INFO           - Elapsed seconds = 22.7636
BATCH_createVD 2019-05-20 03:55:34,868 INFO         + Constructing with K=20...
BATCH_createVD 2019-05-20 03:56:08,147 INFO           - Saved the rectified and compressd co-occurrence for K=20!
BATCH_createVD 2019-05-20 03:56:08,148 INFO           - Elapsed seconds = 29.6352
BATCH_createVD 2019-05-20 03:56:08,148 INFO         + Constructing with K=25...
BATCH_createVD 2019-05-20 03:56:48,512 INFO           - Saved the rectified and compressd co-occurrence for K=25!
BATCH_createVD 2019-05-20 03:56:48,513 INFO           - Elapsed seconds = 36.7015
BATCH_createVD 2019-05-20 03:56:48,513 INFO         + Constructing with K=50...
BATCH_createVD 2019-05-20 03:58:01,974 INFO           - Saved the rectified and compressd co-occurrence for K=50!
BATCH_createVD 2019-05-20 03:58:01,976 INFO           - Elapsed seconds = 69.6709
BATCH_createVD 2019-05-20 03:58:01,978 INFO         + Constructing with K=75...
BATCH_createVD 2019-05-20 03:59:49,343 INFO           - Saved the rectified and compressd co-occurrence for K=75!
BATCH_createVD 2019-05-20 03:59:49,345 INFO           - Elapsed seconds = 103.6168
BATCH_createVD 2019-05-20 03:59:49,347 INFO         + Constructing with K=100...
BATCH_createVD 2019-05-20 04:02:10,603 INFO           - Saved the rectified and compressd co-occurrence for K=100!
BATCH_createVD 2019-05-20 04:02:10,605 INFO           - Elapsed seconds = 137.5546
BATCH_createVD 2019-05-20 04:02:10,606 INFO       + Reading and parsing with N=7500...
BATCH_createVD 2019-05-20 04:02:18,429 INFO         + Constructing with K=5...
BATCH_createVD 2019-05-20 04:02:32,383 INFO           - Saved the rectified and compressd co-occurrence for K=5!
BATCH_createVD 2019-05-20 04:02:32,384 INFO           - Elapsed seconds = 10.0561
BATCH_createVD 2019-05-20 04:02:32,384 INFO         + Constructing with K=10...
BATCH_createVD 2019-05-20 04:02:52,753 INFO           - Saved the rectified and compressd co-occurrence for K=10!
BATCH_createVD 2019-05-20 04:02:52,755 INFO           - Elapsed seconds = 16.6212
BATCH_createVD 2019-05-20 04:02:52,757 INFO         + Constructing with K=15...
BATCH_createVD 2019-05-20 04:03:20,991 INFO           - Saved the rectified and compressd co-occurrence for K=15!
BATCH_createVD 2019-05-20 04:03:20,992 INFO           - Elapsed seconds = 24.4820
BATCH_createVD 2019-05-20 04:03:20,994 INFO         + Constructing with K=20...
BATCH_createVD 2019-05-20 04:03:55,694 INFO           - Saved the rectified and compressd co-occurrence for K=20!
BATCH_createVD 2019-05-20 04:03:55,696 INFO           - Elapsed seconds = 30.9458
BATCH_createVD 2019-05-20 04:03:55,697 INFO         + Constructing with K=25...
BATCH_createVD 2019-05-20 04:04:37,332 INFO           - Saved the rectified and compressd co-occurrence for K=25!
BATCH_createVD 2019-05-20 04:04:37,333 INFO           - Elapsed seconds = 37.9271
BATCH_createVD 2019-05-20 04:04:37,333 INFO         + Constructing with K=50...
BATCH_createVD 2019-05-20 04:05:54,444 INFO           - Saved the rectified and compressd co-occurrence for K=50!
BATCH_createVD 2019-05-20 04:05:54,445 INFO           - Elapsed seconds = 73.2562
BATCH_createVD 2019-05-20 04:05:54,447 INFO         + Constructing with K=75...
BATCH_createVD 2019-05-20 04:07:47,339 INFO           - Saved the rectified and compressd co-occurrence for K=75!
BATCH_createVD 2019-05-20 04:07:47,340 INFO           - Elapsed seconds = 109.1544
BATCH_createVD 2019-05-20 04:07:47,342 INFO         + Constructing with K=100...
BATCH_createVD 2019-05-20 04:10:15,082 INFO           - Saved the rectified and compressd co-occurrence for K=100!
BATCH_createVD 2019-05-20 04:10:15,083 INFO           - Elapsed seconds = 143.9237
BATCH_createVD 2019-05-20 04:10:15,084 INFO       + Reading and parsing with N=8750...
BATCH_createVD 2019-05-20 04:10:22,762 INFO         + Constructing with K=5...
BATCH_createVD 2019-05-20 04:10:36,705 INFO           - Saved the rectified and compressd co-occurrence for K=5!
BATCH_createVD 2019-05-20 04:10:36,706 INFO           - Elapsed seconds = 10.1622
BATCH_createVD 2019-05-20 04:10:36,707 INFO         + Constructing with K=10...
BATCH_createVD 2019-05-20 04:10:57,529 INFO           - Saved the rectified and compressd co-occurrence for K=10!
BATCH_createVD 2019-05-20 04:10:57,529 INFO           - Elapsed seconds = 17.1282
BATCH_createVD 2019-05-20 04:10:57,530 INFO         + Constructing with K=15...
BATCH_createVD 2019-05-20 04:11:26,087 INFO           - Saved the rectified and compressd co-occurrence for K=15!
BATCH_createVD 2019-05-20 04:11:26,089 INFO           - Elapsed seconds = 24.7244
BATCH_createVD 2019-05-20 04:11:26,090 INFO         + Constructing with K=20...
BATCH_createVD 2019-05-20 04:12:02,312 INFO           - Saved the rectified and compressd co-occurrence for K=20!
BATCH_createVD 2019-05-20 04:12:02,314 INFO           - Elapsed seconds = 32.2399
BATCH_createVD 2019-05-20 04:12:02,316 INFO         + Constructing with K=25...
BATCH_createVD 2019-05-20 04:12:46,595 INFO           - Saved the rectified and compressd co-occurrence for K=25!
BATCH_createVD 2019-05-20 04:12:46,596 INFO           - Elapsed seconds = 40.4273
BATCH_createVD 2019-05-20 04:12:46,597 INFO         + Constructing with K=50...
BATCH_createVD 2019-05-20 04:14:05,961 INFO           - Saved the rectified and compressd co-occurrence for K=50!
BATCH_createVD 2019-05-20 04:14:05,963 INFO           - Elapsed seconds = 75.5537
BATCH_createVD 2019-05-20 04:14:05,966 INFO         + Constructing with K=75...
BATCH_createVD 2019-05-20 04:16:00,725 INFO           - Saved the rectified and compressd co-occurrence for K=75!
BATCH_createVD 2019-05-20 04:16:00,726 INFO           - Elapsed seconds = 110.7597
BATCH_createVD 2019-05-20 04:16:00,726 INFO         + Constructing with K=100...
BATCH_createVD 2019-05-20 04:18:31,698 INFO           - Saved the rectified and compressd co-occurrence for K=100!
BATCH_createVD 2019-05-20 04:18:31,699 INFO           - Elapsed seconds = 147.1357
BATCH_createVD 2019-05-20 04:18:31,700 INFO     + Start creating rectified and compressed datasets for [songs]...
BATCH_createVD 2019-05-20 04:18:31,701 INFO       + Reading and parsing with N=2500...
BATCH_createVD 2019-05-20 04:18:35,892 INFO         + Constructing with K=5...
BATCH_createVD 2019-05-20 04:18:37,223 INFO           - Saved the rectified and compressd co-occurrence for K=5!
BATCH_createVD 2019-05-20 04:18:37,224 INFO           - Elapsed seconds = 1.0578
BATCH_createVD 2019-05-20 04:18:37,224 INFO         + Constructing with K=10...
BATCH_createVD 2019-05-20 04:18:39,132 INFO           - Saved the rectified and compressd co-occurrence for K=10!
BATCH_createVD 2019-05-20 04:18:39,135 INFO           - Elapsed seconds = 1.6220
BATCH_createVD 2019-05-20 04:18:39,135 INFO         + Constructing with K=15...
BATCH_createVD 2019-05-20 04:18:41,760 INFO           - Saved the rectified and compressd co-occurrence for K=15!
BATCH_createVD 2019-05-20 04:18:41,762 INFO           - Elapsed seconds = 2.3318
BATCH_createVD 2019-05-20 04:18:41,763 INFO         + Constructing with K=20...
BATCH_createVD 2019-05-20 04:18:45,179 INFO           - Saved the rectified and compressd co-occurrence for K=20!
BATCH_createVD 2019-05-20 04:18:45,181 INFO           - Elapsed seconds = 3.0981
BATCH_createVD 2019-05-20 04:18:45,183 INFO         + Constructing with K=25...
BATCH_createVD 2019-05-20 04:18:49,354 INFO           - Saved the rectified and compressd co-occurrence for K=25!
BATCH_createVD 2019-05-20 04:18:49,356 INFO           - Elapsed seconds = 3.8773
BATCH_createVD 2019-05-20 04:18:49,358 INFO         + Constructing with K=50...
BATCH_createVD 2019-05-20 04:18:56,839 INFO           - Saved the rectified and compressd co-occurrence for K=50!
BATCH_createVD 2019-05-20 04:18:56,840 INFO           - Elapsed seconds = 7.1919
BATCH_createVD 2019-05-20 04:18:56,840 INFO         + Constructing with K=75...
BATCH_createVD 2019-05-20 04:19:08,011 INFO           - Saved the rectified and compressd co-occurrence for K=75!
BATCH_createVD 2019-05-20 04:19:08,012 INFO           - Elapsed seconds = 10.8591
BATCH_createVD 2019-05-20 04:19:08,013 INFO         + Constructing with K=100...
BATCH_createVD 2019-05-20 04:19:22,745 INFO           - Saved the rectified and compressd co-occurrence for K=100!
BATCH_createVD 2019-05-20 04:19:22,746 INFO           - Elapsed seconds = 14.4062
BATCH_createVD 2019-05-20 04:19:22,748 INFO       + Reading and parsing with N=7500...
BATCH_createVD 2019-05-20 04:19:27,287 INFO         + Constructing with K=5...
BATCH_createVD 2019-05-20 04:19:29,798 INFO           - Saved the rectified and compressd co-occurrence for K=5!
BATCH_createVD 2019-05-20 04:19:29,800 INFO           - Elapsed seconds = 2.1202
BATCH_createVD 2019-05-20 04:19:29,801 INFO         + Constructing with K=10...
BATCH_createVD 2019-05-20 04:19:33,456 INFO           - Saved the rectified and compressd co-occurrence for K=10!
BATCH_createVD 2019-05-20 04:19:33,458 INFO           - Elapsed seconds = 3.2351
BATCH_createVD 2019-05-20 04:19:33,460 INFO         + Constructing with K=15...
BATCH_createVD 2019-05-20 04:19:38,813 INFO           - Saved the rectified and compressd co-occurrence for K=15!
BATCH_createVD 2019-05-20 04:19:38,814 INFO           - Elapsed seconds = 4.9571
BATCH_createVD 2019-05-20 04:19:38,815 INFO         + Constructing with K=20...
BATCH_createVD 2019-05-20 04:19:45,566 INFO           - Saved the rectified and compressd co-occurrence for K=20!
BATCH_createVD 2019-05-20 04:19:45,567 INFO           - Elapsed seconds = 6.3404
BATCH_createVD 2019-05-20 04:19:45,569 INFO         + Constructing with K=25...
BATCH_createVD 2019-05-20 04:19:54,022 INFO           - Saved the rectified and compressd co-occurrence for K=25!
BATCH_createVD 2019-05-20 04:19:54,023 INFO           - Elapsed seconds = 8.0114
BATCH_createVD 2019-05-20 04:19:54,023 INFO         + Constructing with K=50...
BATCH_createVD 2019-05-20 04:20:10,186 INFO           - Saved the rectified and compressd co-occurrence for K=50!
BATCH_createVD 2019-05-20 04:20:10,188 INFO           - Elapsed seconds = 15.7082
BATCH_createVD 2019-05-20 04:20:10,189 INFO         + Constructing with K=75...
BATCH_createVD 2019-05-20 04:20:33,630 INFO           - Saved the rectified and compressd co-occurrence for K=75!
BATCH_createVD 2019-05-20 04:20:33,631 INFO           - Elapsed seconds = 22.9642
BATCH_createVD 2019-05-20 04:20:33,632 INFO         + Constructing with K=100...
BATCH_createVD 2019-05-20 04:21:04,680 INFO           - Saved the rectified and compressd co-occurrence for K=100!
BATCH_createVD 2019-05-20 04:21:04,681 INFO           - Elapsed seconds = 30.5521
BATCH_createVD 2019-05-20 04:21:04,683 INFO       + Reading and parsing with N=12500...
BATCH_createVD 2019-05-20 04:21:09,138 INFO         + Constructing with K=5...
BATCH_createVD 2019-05-20 04:21:11,977 INFO           - Saved the rectified and compressd co-occurrence for K=5!
BATCH_createVD 2019-05-20 04:21:11,978 INFO           - Elapsed seconds = 2.3892
BATCH_createVD 2019-05-20 04:21:11,979 INFO         + Constructing with K=10...
BATCH_createVD 2019-05-20 04:21:16,952 INFO           - Saved the rectified and compressd co-occurrence for K=10!
BATCH_createVD 2019-05-20 04:21:16,954 INFO           - Elapsed seconds = 4.5004
BATCH_createVD 2019-05-20 04:21:16,955 INFO         + Constructing with K=15...
BATCH_createVD 2019-05-20 04:21:24,400 INFO           - Saved the rectified and compressd co-occurrence for K=15!
BATCH_createVD 2019-05-20 04:21:24,402 INFO           - Elapsed seconds = 6.9684
BATCH_createVD 2019-05-20 04:21:24,403 INFO         + Constructing with K=20...
BATCH_createVD 2019-05-20 04:21:33,953 INFO           - Saved the rectified and compressd co-occurrence for K=20!
BATCH_createVD 2019-05-20 04:21:33,955 INFO           - Elapsed seconds = 9.0862
BATCH_createVD 2019-05-20 04:21:33,957 INFO         + Constructing with K=25...
BATCH_createVD 2019-05-20 04:21:45,349 INFO           - Saved the rectified and compressd co-occurrence for K=25!
BATCH_createVD 2019-05-20 04:21:45,350 INFO           - Elapsed seconds = 10.8958
BATCH_createVD 2019-05-20 04:21:45,350 INFO         + Constructing with K=50...
BATCH_createVD 2019-05-20 04:22:06,872 INFO           - Saved the rectified and compressd co-occurrence for K=50!
BATCH_createVD 2019-05-20 04:22:06,874 INFO           - Elapsed seconds = 20.9721
BATCH_createVD 2019-05-20 04:22:06,875 INFO         + Constructing with K=75...
BATCH_createVD 2019-05-20 04:22:38,158 INFO           - Saved the rectified and compressd co-occurrence for K=75!
BATCH_createVD 2019-05-20 04:22:38,161 INFO           - Elapsed seconds = 30.6945
BATCH_createVD 2019-05-20 04:22:38,162 INFO         + Constructing with K=100...
BATCH_createVD 2019-05-20 04:23:19,860 INFO           - Saved the rectified and compressd co-occurrence for K=100!
BATCH_createVD 2019-05-20 04:23:19,861 INFO           - Elapsed seconds = 41.0361
BATCH_createVD 2019-05-20 04:23:19,862 INFO       + Reading and parsing with N=15000...
BATCH_createVD 2019-05-20 04:23:24,473 INFO         + Constructing with K=5...
BATCH_createVD 2019-05-20 04:23:27,826 INFO           - Saved the rectified and compressd co-occurrence for K=5!
BATCH_createVD 2019-05-20 04:23:27,827 INFO           - Elapsed seconds = 2.8774
BATCH_createVD 2019-05-20 04:23:27,829 INFO         + Constructing with K=10...
BATCH_createVD 2019-05-20 04:23:33,420 INFO           - Saved the rectified and compressd co-occurrence for K=10!
BATCH_createVD 2019-05-20 04:23:33,421 INFO           - Elapsed seconds = 5.0990
BATCH_createVD 2019-05-20 04:23:33,422 INFO         + Constructing with K=15...
BATCH_createVD 2019-05-20 04:23:41,252 INFO           - Saved the rectified and compressd co-occurrence for K=15!
BATCH_createVD 2019-05-20 04:23:41,253 INFO           - Elapsed seconds = 7.3416
BATCH_createVD 2019-05-20 04:23:41,255 INFO         + Constructing with K=20...
BATCH_createVD 2019-05-20 04:23:50,962 INFO           - Saved the rectified and compressd co-occurrence for K=20!
BATCH_createVD 2019-05-20 04:23:50,964 INFO           - Elapsed seconds = 9.2024
BATCH_createVD 2019-05-20 04:23:50,965 INFO         + Constructing with K=25...
BATCH_createVD 2019-05-20 04:24:03,281 INFO           - Saved the rectified and compressd co-occurrence for K=25!
BATCH_createVD 2019-05-20 04:24:03,282 INFO           - Elapsed seconds = 11.8001
BATCH_createVD 2019-05-20 04:24:03,282 INFO         + Constructing with K=50...
BATCH_createVD 2019-05-20 04:24:26,760 INFO           - Saved the rectified and compressd co-occurrence for K=50!
BATCH_createVD 2019-05-20 04:24:26,762 INFO           - Elapsed seconds = 22.8976
BATCH_createVD 2019-05-20 04:24:26,763 INFO         + Constructing with K=75...
BATCH_createVD 2019-05-20 04:25:01,251 INFO           - Saved the rectified and compressd co-occurrence for K=75!
BATCH_createVD 2019-05-20 04:25:01,252 INFO           - Elapsed seconds = 33.8764
BATCH_createVD 2019-05-20 04:25:01,253 INFO         + Constructing with K=100...
BATCH_createVD 2019-05-20 04:25:46,378 INFO           - Saved the rectified and compressd co-occurrence for K=100!
BATCH_createVD 2019-05-20 04:25:46,380 INFO           - Elapsed seconds = 44.4350
BATCH_createVD 2019-05-20 04:25:46,382 INFO       + Reading and parsing with N=17500...
BATCH_createVD 2019-05-20 04:25:51,130 INFO         + Constructing with K=5...
BATCH_createVD 2019-05-20 04:25:54,439 INFO           - Saved the rectified and compressd co-occurrence for K=5!
BATCH_createVD 2019-05-20 04:25:54,440 INFO           - Elapsed seconds = 2.8517
BATCH_createVD 2019-05-20 04:25:54,441 INFO         + Constructing with K=10...
BATCH_createVD 2019-05-20 04:26:00,266 INFO           - Saved the rectified and compressd co-occurrence for K=10!
BATCH_createVD 2019-05-20 04:26:00,267 INFO           - Elapsed seconds = 5.3164
BATCH_createVD 2019-05-20 04:26:00,267 INFO         + Constructing with K=15...
BATCH_createVD 2019-05-20 04:26:08,699 INFO           - Saved the rectified and compressd co-occurrence for K=15!
BATCH_createVD 2019-05-20 04:26:08,700 INFO           - Elapsed seconds = 7.9135
BATCH_createVD 2019-05-20 04:26:08,700 INFO         + Constructing with K=20...
BATCH_createVD 2019-05-20 04:26:19,289 INFO           - Saved the rectified and compressd co-occurrence for K=20!
BATCH_createVD 2019-05-20 04:26:19,290 INFO           - Elapsed seconds = 10.0869
BATCH_createVD 2019-05-20 04:26:19,290 INFO         + Constructing with K=25...
BATCH_createVD 2019-05-20 04:26:32,404 INFO           - Saved the rectified and compressd co-occurrence for K=25!
BATCH_createVD 2019-05-20 04:26:32,405 INFO           - Elapsed seconds = 12.5763
BATCH_createVD 2019-05-20 04:26:32,406 INFO         + Constructing with K=50...
BATCH_createVD 2019-05-20 04:26:57,121 INFO           - Saved the rectified and compressd co-occurrence for K=50!
BATCH_createVD 2019-05-20 04:26:57,122 INFO           - Elapsed seconds = 24.1128
BATCH_createVD 2019-05-20 04:26:57,124 INFO         + Constructing with K=75...
BATCH_createVD 2019-05-20 04:27:33,357 INFO           - Saved the rectified and compressd co-occurrence for K=75!
BATCH_createVD 2019-05-20 04:27:33,359 INFO           - Elapsed seconds = 35.5537
BATCH_createVD 2019-05-20 04:27:33,361 INFO         + Constructing with K=100...
BATCH_createVD 2019-05-20 04:28:20,925 INFO           - Saved the rectified and compressd co-occurrence for K=100!
BATCH_createVD 2019-05-20 04:28:20,927 INFO           - Elapsed seconds = 46.8151
