BATCH_createVD 2019-05-20 14:11:33,352 INFO     BATCH_createVD
BATCH_createVD 2019-05-20 14:11:33,353 INFO     + Start creating rectified and compressed datasets for [songs]...
BATCH_createVD 2019-05-20 14:11:33,354 INFO       + Reading and parsing with N=25000...
BATCH_createVD 2019-05-20 14:11:38,065 INFO         + Constructing with K=5...
BATCH_createVD 2019-05-20 14:11:41,576 INFO           - Saved the rectified and compressd co-occurrence for K=5!
BATCH_createVD 2019-05-20 14:11:41,577 INFO           - Elapsed seconds = 3.0180
BATCH_createVD 2019-05-20 14:11:41,577 INFO         + Constructing with K=10...
BATCH_createVD 2019-05-20 14:11:47,675 INFO           - Saved the rectified and compressd co-occurrence for K=10!
BATCH_createVD 2019-05-20 14:11:47,677 INFO           - Elapsed seconds = 5.5917
BATCH_createVD 2019-05-20 14:11:47,678 INFO         + Constructing with K=15...
BATCH_createVD 2019-05-20 14:11:56,638 INFO           - Saved the rectified and compressd co-occurrence for K=15!
BATCH_createVD 2019-05-20 14:11:56,639 INFO           - Elapsed seconds = 8.4388
BATCH_createVD 2019-05-20 14:11:56,640 INFO         + Constructing with K=20...
BATCH_createVD 2019-05-20 14:12:08,057 INFO           - Saved the rectified and compressd co-occurrence for K=20!
BATCH_createVD 2019-05-20 14:12:08,058 INFO           - Elapsed seconds = 10.8458
BATCH_createVD 2019-05-20 14:12:08,059 INFO         + Constructing with K=25...
BATCH_createVD 2019-05-20 14:12:21,966 INFO           - Saved the rectified and compressd co-occurrence for K=25!
BATCH_createVD 2019-05-20 14:12:21,967 INFO           - Elapsed seconds = 13.3446
BATCH_createVD 2019-05-20 14:12:21,967 INFO         + Constructing with K=50...
BATCH_createVD 2019-05-20 14:12:48,865 INFO           - Saved the rectified and compressd co-occurrence for K=50!
BATCH_createVD 2019-05-20 14:12:48,868 INFO           - Elapsed seconds = 26.2282
BATCH_createVD 2019-05-20 14:12:48,868 INFO         + Constructing with K=75...
BATCH_createVD 2019-05-20 14:13:28,799 INFO           - Saved the rectified and compressd co-occurrence for K=75!
BATCH_createVD 2019-05-20 14:13:28,800 INFO           - Elapsed seconds = 39.1665
BATCH_createVD 2019-05-20 14:13:28,801 INFO         + Constructing with K=100...
BATCH_createVD 2019-05-20 14:14:22,020 INFO           - Saved the rectified and compressd co-occurrence for K=100!
BATCH_createVD 2019-05-20 14:14:22,021 INFO           - Elapsed seconds = 52.3582
BATCH_createVD 2019-05-20 14:14:22,022 INFO       + Reading and parsing with N=30000...
BATCH_createVD 2019-05-20 14:14:26,804 INFO         + Constructing with K=5...
BATCH_createVD 2019-05-20 14:14:30,569 INFO           - Saved the rectified and compressd co-occurrence for K=5!
BATCH_createVD 2019-05-20 14:14:30,569 INFO           - Elapsed seconds = 3.2696
BATCH_createVD 2019-05-20 14:14:30,570 INFO         + Constructing with K=10...
BATCH_createVD 2019-05-20 14:14:37,037 INFO           - Saved the rectified and compressd co-occurrence for K=10!
BATCH_createVD 2019-05-20 14:14:37,038 INFO           - Elapsed seconds = 5.9450
BATCH_createVD 2019-05-20 14:14:37,038 INFO         + Constructing with K=15...
BATCH_createVD 2019-05-20 14:14:46,514 INFO           - Saved the rectified and compressd co-occurrence for K=15!
BATCH_createVD 2019-05-20 14:14:46,515 INFO           - Elapsed seconds = 8.9309
BATCH_createVD 2019-05-20 14:14:46,516 INFO         + Constructing with K=20...
BATCH_createVD 2019-05-20 14:14:58,566 INFO           - Saved the rectified and compressd co-occurrence for K=20!
BATCH_createVD 2019-05-20 14:14:58,567 INFO           - Elapsed seconds = 11.4742
BATCH_createVD 2019-05-20 14:14:58,567 INFO         + Constructing with K=25...
BATCH_createVD 2019-05-20 14:15:13,640 INFO           - Saved the rectified and compressd co-occurrence for K=25!
BATCH_createVD 2019-05-20 14:15:13,641 INFO           - Elapsed seconds = 14.4827
BATCH_createVD 2019-05-20 14:15:13,642 INFO         + Constructing with K=50...
BATCH_createVD 2019-05-20 14:15:42,099 INFO           - Saved the rectified and compressd co-occurrence for K=50!
BATCH_createVD 2019-05-20 14:15:42,100 INFO           - Elapsed seconds = 27.7519
BATCH_createVD 2019-05-20 14:15:42,101 INFO         + Constructing with K=75...
BATCH_createVD 2019-05-20 14:16:24,729 INFO           - Saved the rectified and compressd co-occurrence for K=75!
BATCH_createVD 2019-05-20 14:16:24,730 INFO           - Elapsed seconds = 41.8037
BATCH_createVD 2019-05-20 14:16:24,731 INFO         + Constructing with K=100...
BATCH_createVD 2019-05-20 14:17:22,332 INFO           - Saved the rectified and compressd co-occurrence for K=100!
BATCH_createVD 2019-05-20 14:17:22,333 INFO           - Elapsed seconds = 56.6566
BATCH_createVD 2019-05-20 14:17:22,334 INFO       + Reading and parsing with N=35000...
BATCH_createVD 2019-05-20 14:17:27,222 INFO         + Constructing with K=5...
BATCH_createVD 2019-05-20 14:17:31,126 INFO           - Saved the rectified and compressd co-occurrence for K=5!
BATCH_createVD 2019-05-20 14:17:31,127 INFO           - Elapsed seconds = 3.4005
BATCH_createVD 2019-05-20 14:17:31,128 INFO         + Constructing with K=10...
BATCH_createVD 2019-05-20 14:17:37,894 INFO           - Saved the rectified and compressd co-occurrence for K=10!
BATCH_createVD 2019-05-20 14:17:37,895 INFO           - Elapsed seconds = 6.2344
BATCH_createVD 2019-05-20 14:17:37,896 INFO         + Constructing with K=15...
BATCH_createVD 2019-05-20 14:17:48,022 INFO           - Saved the rectified and compressd co-occurrence for K=15!
BATCH_createVD 2019-05-20 14:17:48,023 INFO           - Elapsed seconds = 9.5557
BATCH_createVD 2019-05-20 14:17:48,023 INFO         + Constructing with K=20...
BATCH_createVD 2019-05-20 14:18:00,447 INFO           - Saved the rectified and compressd co-occurrence for K=20!
BATCH_createVD 2019-05-20 14:18:00,448 INFO           - Elapsed seconds = 11.8290
BATCH_createVD 2019-05-20 14:18:00,448 INFO         + Constructing with K=25...
BATCH_createVD 2019-05-20 14:18:15,944 INFO           - Saved the rectified and compressd co-occurrence for K=25!
BATCH_createVD 2019-05-20 14:18:15,946 INFO           - Elapsed seconds = 14.8671
BATCH_createVD 2019-05-20 14:18:15,946 INFO         + Constructing with K=50...
BATCH_createVD 2019-05-20 14:18:45,783 INFO           - Saved the rectified and compressd co-occurrence for K=50!
BATCH_createVD 2019-05-20 14:18:45,784 INFO           - Elapsed seconds = 29.0797
BATCH_createVD 2019-05-20 14:18:45,784 INFO         + Constructing with K=75...
BATCH_createVD 2019-05-20 14:19:30,657 INFO           - Saved the rectified and compressd co-occurrence for K=75!
BATCH_createVD 2019-05-20 14:19:30,657 INFO           - Elapsed seconds = 43.9796
BATCH_createVD 2019-05-20 14:19:30,658 INFO         + Constructing with K=100...
BATCH_createVD 2019-05-20 14:20:31,778 INFO           - Saved the rectified and compressd co-occurrence for K=100!
BATCH_createVD 2019-05-20 14:20:31,779 INFO           - Elapsed seconds = 60.0941
