BATCH_createVD 2019-05-14 23:41:00,936 INFO     BATCH_createVD
BATCH_createVD 2019-05-14 23:41:00,936 INFO     + Start creating rectified and compressed datasets for [nytimes]...
BATCH_createVD 2019-05-14 23:41:00,936 INFO       + Reading and parsing with N=7500...
BATCH_createVD 2019-05-14 23:41:53,357 INFO         + Constructing with K=200...
BATCH_createVD 2019-05-15 00:10:30,184 INFO           - Saved the rectified and compressd co-occurrence for K=200!
BATCH_createVD 2019-05-15 00:10:30,186 INFO           - Elapsed seconds = 1700.5128
BATCH_createVD 2019-05-15 00:10:30,187 INFO         + Constructing with K=250...
BATCH_createVD 2019-05-15 00:46:48,437 INFO           - Saved the rectified and compressd co-occurrence for K=250!
BATCH_createVD 2019-05-15 00:46:48,442 INFO           - Elapsed seconds = 2162.1687
BATCH_createVD 2019-05-15 00:46:48,444 INFO         + Constructing with K=300...
BATCH_createVD 2019-05-15 01:30:27,325 INFO           - Saved the rectified and compressd co-occurrence for K=300!
BATCH_createVD 2019-05-15 01:30:27,339 INFO           - Elapsed seconds = 2602.3636
BATCH_createVD 2019-05-15 01:30:27,343 INFO       + Reading and parsing with N=15000...
BATCH_createVD 2019-05-15 01:31:21,627 INFO         + Constructing with K=200...
BATCH_createVD 2019-05-15 02:12:34,147 INFO           - Saved the rectified and compressd co-occurrence for K=200!
BATCH_createVD 2019-05-15 02:12:34,149 INFO           - Elapsed seconds = 2454.6346
BATCH_createVD 2019-05-15 02:12:34,159 INFO         + Constructing with K=250...
BATCH_createVD 2019-05-15 03:03:56,595 INFO           - Saved the rectified and compressd co-occurrence for K=250!
BATCH_createVD 2019-05-15 03:03:56,597 INFO           - Elapsed seconds = 3063.4281
BATCH_createVD 2019-05-15 03:03:56,598 INFO         + Constructing with K=300...
BATCH_createVD 2019-05-15 04:05:08,498 INFO           - Saved the rectified and compressd co-occurrence for K=300!
BATCH_createVD 2019-05-15 04:05:08,507 INFO           - Elapsed seconds = 3653.2816
BATCH_createVD 2019-05-15 04:05:08,513 INFO       + Reading and parsing with N=30000...
BATCH_createVD 2019-05-15 04:06:02,554 INFO         + Constructing with K=200...
BATCH_createVD 2019-05-15 04:53:42,222 INFO           - Saved the rectified and compressd co-occurrence for K=200!
BATCH_createVD 2019-05-15 04:53:42,223 INFO           - Elapsed seconds = 2839.8023
BATCH_createVD 2019-05-15 04:53:42,223 INFO         + Constructing with K=250...
BATCH_createVD 2019-05-15 05:53:06,622 INFO           - Saved the rectified and compressd co-occurrence for K=250!
BATCH_createVD 2019-05-15 05:53:06,623 INFO           - Elapsed seconds = 3544.2816
BATCH_createVD 2019-05-15 05:53:06,624 INFO         + Constructing with K=300...
BATCH_createVD 2019-05-15 07:04:24,959 INFO           - Saved the rectified and compressd co-occurrence for K=300!
BATCH_createVD 2019-05-15 07:04:24,961 INFO           - Elapsed seconds = 4257.9432
BATCH_createVD 2019-05-15 07:04:24,963 INFO       + Reading and parsing with N=60000...
BATCH_createVD 2019-05-15 07:05:19,550 INFO         + Constructing with K=200...
BATCH_createVD 2019-05-15 07:57:20,194 INFO           - Saved the rectified and compressd co-occurrence for K=200!
BATCH_createVD 2019-05-15 07:57:20,196 INFO           - Elapsed seconds = 3098.9912
BATCH_createVD 2019-05-15 07:57:20,197 INFO         + Constructing with K=250...
BATCH_createVD 2019-05-15 09:02:23,475 INFO           - Saved the rectified and compressd co-occurrence for K=250!
BATCH_createVD 2019-05-15 09:02:23,477 INFO           - Elapsed seconds = 3880.9495
BATCH_createVD 2019-05-15 09:02:23,478 INFO         + Constructing with K=300...
BATCH_createVD 2019-05-15 10:20:38,252 INFO           - Saved the rectified and compressd co-occurrence for K=300!
BATCH_createVD 2019-05-15 10:20:38,253 INFO           - Elapsed seconds = 4672.5444
