BATCH_createVD 2019-05-13 19:20:19,458 INFO     BATCH_createVD
BATCH_createVD 2019-05-13 19:20:19,458 INFO     + Start creating rectified and compressed datasets for [blog]...
BATCH_createVD 2019-05-13 19:20:19,458 INFO       + Reading and parsing with N=500...
BATCH_createVD 2019-05-13 19:20:20,707 INFO         + Constructing with K=5...
BATCH_createVD 2019-05-13 19:20:21,449 INFO           - Saved the rectified and compressd co-occurrence for K=5!
BATCH_createVD 2019-05-13 19:20:21,449 INFO           - Elapsed seconds = 0.5014
BATCH_createVD 2019-05-13 19:20:21,449 INFO         + Constructing with K=10...
BATCH_createVD 2019-05-13 19:20:22,606 INFO           - Saved the rectified and compressd co-occurrence for K=10!
BATCH_createVD 2019-05-13 19:20:22,606 INFO           - Elapsed seconds = 0.8925
BATCH_createVD 2019-05-13 19:20:22,606 INFO         + Constructing with K=15...
BATCH_createVD 2019-05-13 19:20:24,121 INFO           - Saved the rectified and compressd co-occurrence for K=15!
BATCH_createVD 2019-05-13 19:20:24,121 INFO           - Elapsed seconds = 1.3012
BATCH_createVD 2019-05-13 19:20:24,121 INFO         + Constructing with K=20...
BATCH_createVD 2019-05-13 19:20:25,934 INFO           - Saved the rectified and compressd co-occurrence for K=20!
BATCH_createVD 2019-05-13 19:20:25,949 INFO           - Elapsed seconds = 1.5771
BATCH_createVD 2019-05-13 19:20:25,949 INFO         + Constructing with K=25...
BATCH_createVD 2019-05-13 19:20:28,152 INFO           - Saved the rectified and compressd co-occurrence for K=25!
BATCH_createVD 2019-05-13 19:20:28,152 INFO           - Elapsed seconds = 1.9548
BATCH_createVD 2019-05-13 19:20:28,152 INFO         + Constructing with K=50...
BATCH_createVD 2019-05-13 19:20:32,159 INFO           - Saved the rectified and compressd co-occurrence for K=50!
BATCH_createVD 2019-05-13 19:20:32,159 INFO           - Elapsed seconds = 3.7848
BATCH_createVD 2019-05-13 19:20:32,159 INFO         + Constructing with K=75...
BATCH_createVD 2019-05-13 19:20:37,815 INFO           - Saved the rectified and compressd co-occurrence for K=75!
BATCH_createVD 2019-05-13 19:20:37,815 INFO           - Elapsed seconds = 5.4284
BATCH_createVD 2019-05-13 19:20:37,815 INFO         + Constructing with K=100...
BATCH_createVD 2019-05-13 19:20:45,233 INFO           - Saved the rectified and compressd co-occurrence for K=100!
BATCH_createVD 2019-05-13 19:20:45,233 INFO           - Elapsed seconds = 7.1624
BATCH_createVD 2019-05-13 19:20:45,233 INFO       + Reading and parsing with N=1000...
BATCH_createVD 2019-05-13 19:20:46,458 INFO         + Constructing with K=5...
BATCH_createVD 2019-05-13 19:20:47,661 INFO           - Saved the rectified and compressd co-occurrence for K=5!
BATCH_createVD 2019-05-13 19:20:47,661 INFO           - Elapsed seconds = 0.8885
BATCH_createVD 2019-05-13 19:20:47,661 INFO         + Constructing with K=10...
BATCH_createVD 2019-05-13 19:20:49,349 INFO           - Saved the rectified and compressd co-occurrence for K=10!
BATCH_createVD 2019-05-13 19:20:49,349 INFO           - Elapsed seconds = 1.3286
BATCH_createVD 2019-05-13 19:20:49,349 INFO         + Constructing with K=15...
BATCH_createVD 2019-05-13 19:20:51,552 INFO           - Saved the rectified and compressd co-occurrence for K=15!
BATCH_createVD 2019-05-13 19:20:51,552 INFO           - Elapsed seconds = 1.9110
BATCH_createVD 2019-05-13 19:20:51,552 INFO         + Constructing with K=20...
BATCH_createVD 2019-05-13 19:20:54,224 INFO           - Saved the rectified and compressd co-occurrence for K=20!
BATCH_createVD 2019-05-13 19:20:54,224 INFO           - Elapsed seconds = 2.3517
BATCH_createVD 2019-05-13 19:20:54,224 INFO         + Constructing with K=25...
BATCH_createVD 2019-05-13 19:20:57,382 INFO           - Saved the rectified and compressd co-occurrence for K=25!
BATCH_createVD 2019-05-13 19:20:57,382 INFO           - Elapsed seconds = 2.8270
BATCH_createVD 2019-05-13 19:20:57,382 INFO         + Constructing with K=50...
BATCH_createVD 2019-05-13 19:21:03,047 INFO           - Saved the rectified and compressd co-occurrence for K=50!
BATCH_createVD 2019-05-13 19:21:03,047 INFO           - Elapsed seconds = 5.3384
BATCH_createVD 2019-05-13 19:21:03,047 INFO         + Constructing with K=75...
BATCH_createVD 2019-05-13 19:21:11,258 INFO           - Saved the rectified and compressd co-occurrence for K=75!
BATCH_createVD 2019-05-13 19:21:11,273 INFO           - Elapsed seconds = 7.9022
BATCH_createVD 2019-05-13 19:21:11,273 INFO         + Constructing with K=100...
BATCH_createVD 2019-05-13 19:21:21,945 INFO           - Saved the rectified and compressd co-occurrence for K=100!
BATCH_createVD 2019-05-13 19:21:21,945 INFO           - Elapsed seconds = 10.3526
BATCH_createVD 2019-05-13 19:21:21,945 INFO       + Reading and parsing with N=2000...
BATCH_createVD 2019-05-13 19:21:23,212 INFO         + Constructing with K=5...
BATCH_createVD 2019-05-13 19:21:24,634 INFO           - Saved the rectified and compressd co-occurrence for K=5!
BATCH_createVD 2019-05-13 19:21:24,634 INFO           - Elapsed seconds = 1.0428
BATCH_createVD 2019-05-13 19:21:24,634 INFO         + Constructing with K=10...
BATCH_createVD 2019-05-13 19:21:26,712 INFO           - Saved the rectified and compressd co-occurrence for K=10!
BATCH_createVD 2019-05-13 19:21:26,712 INFO           - Elapsed seconds = 1.7001
BATCH_createVD 2019-05-13 19:21:26,712 INFO         + Constructing with K=15...
BATCH_createVD 2019-05-13 19:21:29,556 INFO           - Saved the rectified and compressd co-occurrence for K=15!
BATCH_createVD 2019-05-13 19:21:29,556 INFO           - Elapsed seconds = 2.4295
BATCH_createVD 2019-05-13 19:21:29,556 INFO         + Constructing with K=20...
BATCH_createVD 2019-05-13 19:21:33,337 INFO           - Saved the rectified and compressd co-occurrence for K=20!
BATCH_createVD 2019-05-13 19:21:33,337 INFO           - Elapsed seconds = 3.3299
BATCH_createVD 2019-05-13 19:21:33,337 INFO         + Constructing with K=25...
BATCH_createVD 2019-05-13 19:21:37,665 INFO           - Saved the rectified and compressd co-occurrence for K=25!
BATCH_createVD 2019-05-13 19:21:37,665 INFO           - Elapsed seconds = 3.9207
BATCH_createVD 2019-05-13 19:21:37,665 INFO         + Constructing with K=50...
BATCH_createVD 2019-05-13 19:21:45,620 INFO           - Saved the rectified and compressd co-occurrence for K=50!
BATCH_createVD 2019-05-13 19:21:45,620 INFO           - Elapsed seconds = 7.5862
BATCH_createVD 2019-05-13 19:21:45,635 INFO         + Constructing with K=75...
BATCH_createVD 2019-05-13 19:21:57,487 INFO           - Saved the rectified and compressd co-occurrence for K=75!
BATCH_createVD 2019-05-13 19:21:57,487 INFO           - Elapsed seconds = 11.4455
BATCH_createVD 2019-05-13 19:21:57,487 INFO         + Constructing with K=100...
BATCH_createVD 2019-05-13 19:22:12,975 INFO           - Saved the rectified and compressd co-occurrence for K=100!
BATCH_createVD 2019-05-13 19:22:12,975 INFO           - Elapsed seconds = 15.1082
BATCH_createVD 2019-05-13 19:22:12,975 INFO       + Reading and parsing with N=4447...
BATCH_createVD 2019-05-13 19:22:14,318 INFO         + Constructing with K=5...
BATCH_createVD 2019-05-13 19:22:16,193 INFO           - Saved the rectified and compressd co-occurrence for K=5!
BATCH_createVD 2019-05-13 19:22:16,193 INFO           - Elapsed seconds = 1.4266
BATCH_createVD 2019-05-13 19:22:16,193 INFO         + Constructing with K=10...
BATCH_createVD 2019-05-13 19:22:19,068 INFO           - Saved the rectified and compressd co-occurrence for K=10!
BATCH_createVD 2019-05-13 19:22:19,068 INFO           - Elapsed seconds = 2.3901
BATCH_createVD 2019-05-13 19:22:19,068 INFO         + Constructing with K=15...
BATCH_createVD 2019-05-13 19:22:23,053 INFO           - Saved the rectified and compressd co-occurrence for K=15!
BATCH_createVD 2019-05-13 19:22:23,053 INFO           - Elapsed seconds = 3.5542
BATCH_createVD 2019-05-13 19:22:23,053 INFO         + Constructing with K=20...
BATCH_createVD 2019-05-13 19:22:28,240 INFO           - Saved the rectified and compressd co-occurrence for K=20!
BATCH_createVD 2019-05-13 19:22:28,240 INFO           - Elapsed seconds = 4.7075
BATCH_createVD 2019-05-13 19:22:28,240 INFO         + Constructing with K=25...
BATCH_createVD 2019-05-13 19:22:34,605 INFO           - Saved the rectified and compressd co-occurrence for K=25!
BATCH_createVD 2019-05-13 19:22:34,605 INFO           - Elapsed seconds = 5.8838
BATCH_createVD 2019-05-13 19:22:34,605 INFO         + Constructing with K=50...
BATCH_createVD 2019-05-13 19:22:46,393 INFO           - Saved the rectified and compressd co-occurrence for K=50!
BATCH_createVD 2019-05-13 19:22:46,393 INFO           - Elapsed seconds = 11.2927
BATCH_createVD 2019-05-13 19:22:46,393 INFO         + Constructing with K=75...
BATCH_createVD 2019-05-13 19:23:03,819 INFO           - Saved the rectified and compressd co-occurrence for K=75!
BATCH_createVD 2019-05-13 19:23:03,819 INFO           - Elapsed seconds = 16.9252
BATCH_createVD 2019-05-13 19:23:03,819 INFO         + Constructing with K=100...
BATCH_createVD 2019-05-13 19:23:26,865 INFO           - Saved the rectified and compressd co-occurrence for K=100!
BATCH_createVD 2019-05-13 19:23:26,865 INFO           - Elapsed seconds = 22.5167
BATCH_createVD 2019-05-13 19:23:26,865 INFO     + Start creating rectified and compressed datasets for [yelp]...
BATCH_createVD 2019-05-13 19:23:26,865 INFO       + Reading and parsing with N=200...
BATCH_createVD 2019-05-13 19:23:27,458 INFO         + Constructing with K=5...
BATCH_createVD 2019-05-13 19:23:27,818 INFO           - Saved the rectified and compressd co-occurrence for K=5!
BATCH_createVD 2019-05-13 19:23:27,818 INFO           - Elapsed seconds = 0.2696
BATCH_createVD 2019-05-13 19:23:27,818 INFO         + Constructing with K=10...
BATCH_createVD 2019-05-13 19:23:28,365 INFO           - Saved the rectified and compressd co-occurrence for K=10!
BATCH_createVD 2019-05-13 19:23:28,365 INFO           - Elapsed seconds = 0.4621
BATCH_createVD 2019-05-13 19:23:28,365 INFO         + Constructing with K=15...
BATCH_createVD 2019-05-13 19:23:29,146 INFO           - Saved the rectified and compressd co-occurrence for K=15!
BATCH_createVD 2019-05-13 19:23:29,146 INFO           - Elapsed seconds = 0.6903
BATCH_createVD 2019-05-13 19:23:29,146 INFO         + Constructing with K=20...
BATCH_createVD 2019-05-13 19:23:30,115 INFO           - Saved the rectified and compressd co-occurrence for K=20!
BATCH_createVD 2019-05-13 19:23:30,115 INFO           - Elapsed seconds = 0.8637
BATCH_createVD 2019-05-13 19:23:30,115 INFO         + Constructing with K=25...
BATCH_createVD 2019-05-13 19:23:31,260 INFO           - Saved the rectified and compressd co-occurrence for K=25!
BATCH_createVD 2019-05-13 19:23:31,269 INFO           - Elapsed seconds = 1.0476
BATCH_createVD 2019-05-13 19:23:31,269 INFO         + Constructing with K=50...
BATCH_createVD 2019-05-13 19:23:33,455 INFO           - Saved the rectified and compressd co-occurrence for K=50!
BATCH_createVD 2019-05-13 19:23:33,455 INFO           - Elapsed seconds = 2.0945
BATCH_createVD 2019-05-13 19:23:33,455 INFO         + Constructing with K=75...
BATCH_createVD 2019-05-13 19:23:36,647 INFO           - Saved the rectified and compressd co-occurrence for K=75!
BATCH_createVD 2019-05-13 19:23:36,647 INFO           - Elapsed seconds = 3.0941
BATCH_createVD 2019-05-13 19:23:36,647 INFO         + Constructing with K=100...
BATCH_createVD 2019-05-13 19:23:40,669 INFO           - Saved the rectified and compressd co-occurrence for K=100!
BATCH_createVD 2019-05-13 19:23:40,669 INFO           - Elapsed seconds = 3.9230
BATCH_createVD 2019-05-13 19:23:40,670 INFO       + Reading and parsing with N=400...
BATCH_createVD 2019-05-13 19:23:41,295 INFO         + Constructing with K=5...
BATCH_createVD 2019-05-13 19:23:41,826 INFO           - Saved the rectified and compressd co-occurrence for K=5!
BATCH_createVD 2019-05-13 19:23:41,826 INFO           - Elapsed seconds = 0.4097
BATCH_createVD 2019-05-13 19:23:41,826 INFO         + Constructing with K=10...
BATCH_createVD 2019-05-13 19:23:42,576 INFO           - Saved the rectified and compressd co-occurrence for K=10!
BATCH_createVD 2019-05-13 19:23:42,576 INFO           - Elapsed seconds = 0.5998
BATCH_createVD 2019-05-13 19:23:42,576 INFO         + Constructing with K=15...
BATCH_createVD 2019-05-13 19:23:43,679 INFO           - Saved the rectified and compressd co-occurrence for K=15!
BATCH_createVD 2019-05-13 19:23:43,679 INFO           - Elapsed seconds = 0.9478
BATCH_createVD 2019-05-13 19:23:43,679 INFO         + Constructing with K=20...
BATCH_createVD 2019-05-13 19:23:44,944 INFO           - Saved the rectified and compressd co-occurrence for K=20!
BATCH_createVD 2019-05-13 19:23:44,944 INFO           - Elapsed seconds = 1.1433
BATCH_createVD 2019-05-13 19:23:44,944 INFO         + Constructing with K=25...
BATCH_createVD 2019-05-13 19:23:46,490 INFO           - Saved the rectified and compressd co-occurrence for K=25!
BATCH_createVD 2019-05-13 19:23:46,491 INFO           - Elapsed seconds = 1.3978
BATCH_createVD 2019-05-13 19:23:46,492 INFO         + Constructing with K=50...
BATCH_createVD 2019-05-13 19:23:49,324 INFO           - Saved the rectified and compressd co-occurrence for K=50!
BATCH_createVD 2019-05-13 19:23:49,324 INFO           - Elapsed seconds = 2.7090
BATCH_createVD 2019-05-13 19:23:49,324 INFO         + Constructing with K=75...
BATCH_createVD 2019-05-13 19:23:53,251 INFO           - Saved the rectified and compressd co-occurrence for K=75!
BATCH_createVD 2019-05-13 19:23:53,251 INFO           - Elapsed seconds = 3.7944
BATCH_createVD 2019-05-13 19:23:53,251 INFO         + Constructing with K=100...
BATCH_createVD 2019-05-13 19:23:58,406 INFO           - Saved the rectified and compressd co-occurrence for K=100!
BATCH_createVD 2019-05-13 19:23:58,406 INFO           - Elapsed seconds = 5.0134
BATCH_createVD 2019-05-13 19:23:58,406 INFO       + Reading and parsing with N=800...
BATCH_createVD 2019-05-13 19:23:58,981 INFO         + Constructing with K=5...
BATCH_createVD 2019-05-13 19:23:59,622 INFO           - Saved the rectified and compressd co-occurrence for K=5!
BATCH_createVD 2019-05-13 19:23:59,622 INFO           - Elapsed seconds = 0.4774
BATCH_createVD 2019-05-13 19:23:59,622 INFO         + Constructing with K=10...
BATCH_createVD 2019-05-13 19:24:00,591 INFO           - Saved the rectified and compressd co-occurrence for K=10!
BATCH_createVD 2019-05-13 19:24:00,591 INFO           - Elapsed seconds = 0.7982
BATCH_createVD 2019-05-13 19:24:00,591 INFO         + Constructing with K=15...
BATCH_createVD 2019-05-13 19:24:01,872 INFO           - Saved the rectified and compressd co-occurrence for K=15!
BATCH_createVD 2019-05-13 19:24:01,872 INFO           - Elapsed seconds = 1.0891
BATCH_createVD 2019-05-13 19:24:01,872 INFO         + Constructing with K=20...
BATCH_createVD 2019-05-13 19:24:03,497 INFO           - Saved the rectified and compressd co-occurrence for K=20!
BATCH_createVD 2019-05-13 19:24:03,497 INFO           - Elapsed seconds = 1.4638
BATCH_createVD 2019-05-13 19:24:03,497 INFO         + Constructing with K=25...
BATCH_createVD 2019-05-13 19:24:05,403 INFO           - Saved the rectified and compressd co-occurrence for K=25!
BATCH_createVD 2019-05-13 19:24:05,403 INFO           - Elapsed seconds = 1.7275
BATCH_createVD 2019-05-13 19:24:05,403 INFO         + Constructing with K=50...
BATCH_createVD 2019-05-13 19:24:08,637 INFO           - Saved the rectified and compressd co-occurrence for K=50!
BATCH_createVD 2019-05-13 19:24:08,637 INFO           - Elapsed seconds = 3.0428
BATCH_createVD 2019-05-13 19:24:08,637 INFO         + Constructing with K=75...
BATCH_createVD 2019-05-13 19:24:13,868 INFO           - Saved the rectified and compressd co-occurrence for K=75!
BATCH_createVD 2019-05-13 19:24:13,868 INFO           - Elapsed seconds = 5.0570
BATCH_createVD 2019-05-13 19:24:13,868 INFO         + Constructing with K=100...
BATCH_createVD 2019-05-13 19:24:20,459 INFO           - Saved the rectified and compressd co-occurrence for K=100!
BATCH_createVD 2019-05-13 19:24:20,459 INFO           - Elapsed seconds = 6.4225
BATCH_createVD 2019-05-13 19:24:20,459 INFO       + Reading and parsing with N=1606...
BATCH_createVD 2019-05-13 19:24:21,115 INFO         + Constructing with K=5...
BATCH_createVD 2019-05-13 19:24:21,896 INFO           - Saved the rectified and compressd co-occurrence for K=5!
BATCH_createVD 2019-05-13 19:24:21,912 INFO           - Elapsed seconds = 0.5889
BATCH_createVD 2019-05-13 19:24:21,912 INFO         + Constructing with K=10...
BATCH_createVD 2019-05-13 19:24:23,052 INFO           - Saved the rectified and compressd co-occurrence for K=10!
BATCH_createVD 2019-05-13 19:24:23,052 INFO           - Elapsed seconds = 0.9366
BATCH_createVD 2019-05-13 19:24:23,052 INFO         + Constructing with K=15...
BATCH_createVD 2019-05-13 19:24:24,677 INFO           - Saved the rectified and compressd co-occurrence for K=15!
BATCH_createVD 2019-05-13 19:24:24,677 INFO           - Elapsed seconds = 1.4384
BATCH_createVD 2019-05-13 19:24:24,693 INFO         + Constructing with K=20...
BATCH_createVD 2019-05-13 19:24:26,646 INFO           - Saved the rectified and compressd co-occurrence for K=20!
BATCH_createVD 2019-05-13 19:24:26,650 INFO           - Elapsed seconds = 1.7597
BATCH_createVD 2019-05-13 19:24:26,650 INFO         + Constructing with K=25...
BATCH_createVD 2019-05-13 19:24:29,283 INFO           - Saved the rectified and compressd co-occurrence for K=25!
BATCH_createVD 2019-05-13 19:24:29,283 INFO           - Elapsed seconds = 2.4073
BATCH_createVD 2019-05-13 19:24:29,288 INFO         + Constructing with K=50...
BATCH_createVD 2019-05-13 19:24:33,576 INFO           - Saved the rectified and compressd co-occurrence for K=50!
BATCH_createVD 2019-05-13 19:24:33,576 INFO           - Elapsed seconds = 4.1095
BATCH_createVD 2019-05-13 19:24:33,576 INFO         + Constructing with K=75...
BATCH_createVD 2019-05-13 19:24:39,810 INFO           - Saved the rectified and compressd co-occurrence for K=75!
BATCH_createVD 2019-05-13 19:24:39,810 INFO           - Elapsed seconds = 6.0394
BATCH_createVD 2019-05-13 19:24:39,810 INFO         + Constructing with K=100...
BATCH_createVD 2019-05-13 19:24:48,060 INFO           - Saved the rectified and compressd co-occurrence for K=100!
BATCH_createVD 2019-05-13 19:24:48,062 INFO           - Elapsed seconds = 8.0361
BATCH_createVD 2019-05-13 19:24:48,064 INFO     + Start creating rectified and compressed datasets for [nips]...
BATCH_createVD 2019-05-13 19:24:48,065 INFO       + Reading and parsing with N=1250...
BATCH_createVD 2019-05-13 19:24:49,128 INFO         + Constructing with K=5...
BATCH_createVD 2019-05-13 19:24:49,643 INFO           - Saved the rectified and compressd co-occurrence for K=5!
BATCH_createVD 2019-05-13 19:24:49,648 INFO           - Elapsed seconds = 0.3886
BATCH_createVD 2019-05-13 19:24:49,648 INFO         + Constructing with K=10...
BATCH_createVD 2019-05-13 19:24:50,403 INFO           - Saved the rectified and compressd co-occurrence for K=10!
BATCH_createVD 2019-05-13 19:24:50,407 INFO           - Elapsed seconds = 0.6034
BATCH_createVD 2019-05-13 19:24:50,407 INFO         + Constructing with K=15...
BATCH_createVD 2019-05-13 19:24:51,278 INFO           - Saved the rectified and compressd co-occurrence for K=15!
BATCH_createVD 2019-05-13 19:24:51,293 INFO           - Elapsed seconds = 0.7352
BATCH_createVD 2019-05-13 19:24:51,293 INFO         + Constructing with K=20...
BATCH_createVD 2019-05-13 19:24:52,278 INFO           - Saved the rectified and compressd co-occurrence for K=20!
BATCH_createVD 2019-05-13 19:24:52,278 INFO           - Elapsed seconds = 0.8648
BATCH_createVD 2019-05-13 19:24:52,278 INFO         + Constructing with K=25...
BATCH_createVD 2019-05-13 19:24:53,528 INFO           - Saved the rectified and compressd co-occurrence for K=25!
BATCH_createVD 2019-05-13 19:24:53,528 INFO           - Elapsed seconds = 1.0854
BATCH_createVD 2019-05-13 19:24:53,528 INFO         + Constructing with K=50...
BATCH_createVD 2019-05-13 19:24:55,793 INFO           - Saved the rectified and compressd co-occurrence for K=50!
BATCH_createVD 2019-05-13 19:24:55,793 INFO           - Elapsed seconds = 2.0954
BATCH_createVD 2019-05-13 19:24:55,793 INFO         + Constructing with K=75...
BATCH_createVD 2019-05-13 19:24:59,127 INFO           - Saved the rectified and compressd co-occurrence for K=75!
BATCH_createVD 2019-05-13 19:24:59,127 INFO           - Elapsed seconds = 3.1987
BATCH_createVD 2019-05-13 19:24:59,127 INFO         + Constructing with K=100...
BATCH_createVD 2019-05-13 19:25:03,877 INFO           - Saved the rectified and compressd co-occurrence for K=100!
BATCH_createVD 2019-05-13 19:25:03,877 INFO           - Elapsed seconds = 4.5936
BATCH_createVD 2019-05-13 19:25:03,877 INFO       + Reading and parsing with N=2500...
BATCH_createVD 2019-05-13 19:25:05,049 INFO         + Constructing with K=5...
BATCH_createVD 2019-05-13 19:25:05,760 INFO           - Saved the rectified and compressd co-occurrence for K=5!
BATCH_createVD 2019-05-13 19:25:05,760 INFO           - Elapsed seconds = 0.5243
BATCH_createVD 2019-05-13 19:25:05,760 INFO         + Constructing with K=10...
BATCH_createVD 2019-05-13 19:25:06,785 INFO           - Saved the rectified and compressd co-occurrence for K=10!
BATCH_createVD 2019-05-13 19:25:06,785 INFO           - Elapsed seconds = 0.8315
BATCH_createVD 2019-05-13 19:25:06,785 INFO         + Constructing with K=15...
BATCH_createVD 2019-05-13 19:25:08,067 INFO           - Saved the rectified and compressd co-occurrence for K=15!
BATCH_createVD 2019-05-13 19:25:08,082 INFO           - Elapsed seconds = 1.0730
BATCH_createVD 2019-05-13 19:25:08,082 INFO         + Constructing with K=20...
BATCH_createVD 2019-05-13 19:25:09,801 INFO           - Saved the rectified and compressd co-occurrence for K=20!
BATCH_createVD 2019-05-13 19:25:09,801 INFO           - Elapsed seconds = 1.5353
BATCH_createVD 2019-05-13 19:25:09,801 INFO         + Constructing with K=25...
BATCH_createVD 2019-05-13 19:25:11,660 INFO           - Saved the rectified and compressd co-occurrence for K=25!
BATCH_createVD 2019-05-13 19:25:11,660 INFO           - Elapsed seconds = 1.6440
BATCH_createVD 2019-05-13 19:25:11,660 INFO         + Constructing with K=50...
BATCH_createVD 2019-05-13 19:25:15,410 INFO           - Saved the rectified and compressd co-occurrence for K=50!
BATCH_createVD 2019-05-13 19:25:15,410 INFO           - Elapsed seconds = 3.5750
BATCH_createVD 2019-05-13 19:25:15,410 INFO         + Constructing with K=75...
BATCH_createVD 2019-05-13 19:25:21,161 INFO           - Saved the rectified and compressd co-occurrence for K=75!
BATCH_createVD 2019-05-13 19:25:21,162 INFO           - Elapsed seconds = 5.5270
BATCH_createVD 2019-05-13 19:25:21,162 INFO         + Constructing with K=100...
BATCH_createVD 2019-05-13 19:25:28,526 INFO           - Saved the rectified and compressd co-occurrence for K=100!
BATCH_createVD 2019-05-13 19:25:28,526 INFO           - Elapsed seconds = 7.1589
BATCH_createVD 2019-05-13 19:25:28,526 INFO       + Reading and parsing with N=5000...
BATCH_createVD 2019-05-13 19:25:29,698 INFO         + Constructing with K=5...
BATCH_createVD 2019-05-13 19:25:30,511 INFO           - Saved the rectified and compressd co-occurrence for K=5!
BATCH_createVD 2019-05-13 19:25:30,511 INFO           - Elapsed seconds = 0.5630
BATCH_createVD 2019-05-13 19:25:30,511 INFO         + Constructing with K=10...
BATCH_createVD 2019-05-13 19:25:31,731 INFO           - Saved the rectified and compressd co-occurrence for K=10!
BATCH_createVD 2019-05-13 19:25:31,731 INFO           - Elapsed seconds = 0.9836
BATCH_createVD 2019-05-13 19:25:31,731 INFO         + Constructing with K=15...
BATCH_createVD 2019-05-13 19:25:33,747 INFO           - Saved the rectified and compressd co-occurrence for K=15!
BATCH_createVD 2019-05-13 19:25:33,747 INFO           - Elapsed seconds = 1.7912
BATCH_createVD 2019-05-13 19:25:33,747 INFO         + Constructing with K=20...
BATCH_createVD 2019-05-13 19:25:36,106 INFO           - Saved the rectified and compressd co-occurrence for K=20!
BATCH_createVD 2019-05-13 19:25:36,106 INFO           - Elapsed seconds = 2.1268
BATCH_createVD 2019-05-13 19:25:36,106 INFO         + Constructing with K=25...
BATCH_createVD 2019-05-13 19:25:39,059 INFO           - Saved the rectified and compressd co-occurrence for K=25!
BATCH_createVD 2019-05-13 19:25:39,059 INFO           - Elapsed seconds = 2.7014
BATCH_createVD 2019-05-13 19:25:39,059 INFO         + Constructing with K=50...
BATCH_createVD 2019-05-13 19:25:44,717 INFO           - Saved the rectified and compressd co-occurrence for K=50!
BATCH_createVD 2019-05-13 19:25:44,717 INFO           - Elapsed seconds = 5.4053
BATCH_createVD 2019-05-13 19:25:44,717 INFO         + Constructing with K=75...
BATCH_createVD 2019-05-13 19:25:53,436 INFO           - Saved the rectified and compressd co-occurrence for K=75!
BATCH_createVD 2019-05-13 19:25:53,436 INFO           - Elapsed seconds = 8.4577
BATCH_createVD 2019-05-13 19:25:53,436 INFO         + Constructing with K=100...
BATCH_createVD 2019-05-13 19:26:04,178 INFO           - Saved the rectified and compressd co-occurrence for K=100!
BATCH_createVD 2019-05-13 19:26:04,178 INFO           - Elapsed seconds = 10.4310
BATCH_createVD 2019-05-13 19:26:04,178 INFO       + Reading and parsing with N=10000...
BATCH_createVD 2019-05-13 19:26:05,443 INFO         + Constructing with K=5...
BATCH_createVD 2019-05-13 19:26:06,367 INFO           - Saved the rectified and compressd co-occurrence for K=5!
BATCH_createVD 2019-05-13 19:26:06,367 INFO           - Elapsed seconds = 0.6868
BATCH_createVD 2019-05-13 19:26:06,367 INFO         + Constructing with K=10...
BATCH_createVD 2019-05-13 19:26:08,276 INFO           - Saved the rectified and compressd co-occurrence for K=10!
BATCH_createVD 2019-05-13 19:26:08,276 INFO           - Elapsed seconds = 1.6894
BATCH_createVD 2019-05-13 19:26:08,276 INFO         + Constructing with K=15...
BATCH_createVD 2019-05-13 19:26:10,995 INFO           - Saved the rectified and compressd co-occurrence for K=15!
BATCH_createVD 2019-05-13 19:26:10,995 INFO           - Elapsed seconds = 2.4537
BATCH_createVD 2019-05-13 19:26:10,995 INFO         + Constructing with K=20...
BATCH_createVD 2019-05-13 19:26:14,494 INFO           - Saved the rectified and compressd co-occurrence for K=20!
BATCH_createVD 2019-05-13 19:26:14,494 INFO           - Elapsed seconds = 3.2272
BATCH_createVD 2019-05-13 19:26:14,510 INFO         + Constructing with K=25...
BATCH_createVD 2019-05-13 19:26:18,590 INFO           - Saved the rectified and compressd co-occurrence for K=25!
BATCH_createVD 2019-05-13 19:26:18,590 INFO           - Elapsed seconds = 3.8185
BATCH_createVD 2019-05-13 19:26:18,590 INFO         + Constructing with K=50...
BATCH_createVD 2019-05-13 19:26:26,748 INFO           - Saved the rectified and compressd co-occurrence for K=50!
BATCH_createVD 2019-05-13 19:26:26,748 INFO           - Elapsed seconds = 7.8493
BATCH_createVD 2019-05-13 19:26:26,748 INFO         + Constructing with K=75...
BATCH_createVD 2019-05-13 19:26:38,873 INFO           - Saved the rectified and compressd co-occurrence for K=75!
BATCH_createVD 2019-05-13 19:26:38,873 INFO           - Elapsed seconds = 11.7440
BATCH_createVD 2019-05-13 19:26:38,873 INFO         + Constructing with K=100...
BATCH_createVD 2019-05-13 19:26:54,438 INFO           - Saved the rectified and compressd co-occurrence for K=100!
BATCH_createVD 2019-05-13 19:26:54,438 INFO           - Elapsed seconds = 15.1775
BATCH_createVD 2019-05-13 19:26:54,438 INFO     + Start creating rectified and compressed datasets for [nytimes]...
BATCH_createVD 2019-05-13 19:26:54,438 INFO       + Reading and parsing with N=7500...
BATCH_createVD 2019-05-13 19:27:46,536 INFO         + Constructing with K=5...
BATCH_createVD 2019-05-13 19:28:58,651 INFO           - Saved the rectified and compressd co-occurrence for K=5!
BATCH_createVD 2019-05-13 19:28:58,651 INFO           - Elapsed seconds = 56.7622
BATCH_createVD 2019-05-13 19:28:58,651 INFO         + Constructing with K=10...
BATCH_createVD 2019-05-13 19:30:51,695 INFO           - Saved the rectified and compressd co-occurrence for K=10!
BATCH_createVD 2019-05-13 19:30:51,695 INFO           - Elapsed seconds = 97.5436
BATCH_createVD 2019-05-13 19:30:51,695 INFO         + Constructing with K=15...
BATCH_createVD 2019-05-13 19:33:27,704 INFO           - Saved the rectified and compressd co-occurrence for K=15!
BATCH_createVD 2019-05-13 19:33:27,704 INFO           - Elapsed seconds = 140.7605
BATCH_createVD 2019-05-13 19:33:27,704 INFO         + Constructing with K=20...
BATCH_createVD 2019-05-13 19:36:42,846 INFO           - Saved the rectified and compressd co-occurrence for K=20!
BATCH_createVD 2019-05-13 19:36:42,847 INFO           - Elapsed seconds = 179.3158
BATCH_createVD 2019-05-13 19:36:42,847 INFO         + Constructing with K=25...
BATCH_createVD 2019-05-13 19:40:39,454 INFO           - Saved the rectified and compressd co-occurrence for K=25!
BATCH_createVD 2019-05-13 19:40:39,454 INFO           - Elapsed seconds = 221.4556
BATCH_createVD 2019-05-13 19:40:39,454 INFO         + Constructing with K=50...
BATCH_createVD 2019-05-13 19:47:57,840 INFO           - Saved the rectified and compressd co-occurrence for K=50!
BATCH_createVD 2019-05-13 19:47:57,840 INFO           - Elapsed seconds = 422.9857
BATCH_createVD 2019-05-13 19:47:57,840 INFO         + Constructing with K=75...
BATCH_createVD 2019-05-13 19:58:38,966 INFO           - Saved the rectified and compressd co-occurrence for K=75!
BATCH_createVD 2019-05-13 19:58:38,982 INFO           - Elapsed seconds = 626.1737
BATCH_createVD 2019-05-13 19:58:38,982 INFO         + Constructing with K=100...
BATCH_createVD 2019-05-13 20:12:44,587 INFO           - Saved the rectified and compressd co-occurrence for K=100!
BATCH_createVD 2019-05-13 20:12:44,587 INFO           - Elapsed seconds = 830.1206
BATCH_createVD 2019-05-13 20:12:44,587 INFO         + Constructing with K=125...
BATCH_createVD 2019-05-13 20:30:10,327 INFO           - Saved the rectified and compressd co-occurrence for K=125!
BATCH_createVD 2019-05-13 20:30:10,328 INFO           - Elapsed seconds = 1030.7908
BATCH_createVD 2019-05-13 20:30:10,328 INFO         + Constructing with K=150...
BATCH_createVD 2019-05-13 20:51:02,292 INFO           - Saved the rectified and compressd co-occurrence for K=150!
BATCH_createVD 2019-05-13 20:51:02,293 INFO           - Elapsed seconds = 1236.8946
BATCH_createVD 2019-05-13 20:51:02,294 INFO         + Constructing with K=200...
BATCH_createVD 2019-05-13 21:18:45,139 INFO           - Saved the rectified and compressd co-occurrence for K=200!
BATCH_createVD 2019-05-13 21:18:45,141 INFO           - Elapsed seconds = 1647.1285
BATCH_createVD 2019-05-13 21:18:45,142 INFO         + Constructing with K=250...
BATCH_createVD 2019-05-13 21:53:22,414 INFO           - Saved the rectified and compressd co-occurrence for K=250!
BATCH_createVD 2019-05-13 21:53:22,415 INFO           - Elapsed seconds = 2062.0997
BATCH_createVD 2019-05-13 21:53:22,416 INFO         + Constructing with K=300...
BATCH_createVD 2019-05-13 22:35:02,605 INFO           - Saved the rectified and compressd co-occurrence for K=300!
BATCH_createVD 2019-05-13 22:35:02,606 INFO           - Elapsed seconds = 2484.9946
BATCH_createVD 2019-05-13 22:35:02,608 INFO       + Reading and parsing with N=15000...
BATCH_createVD 2019-05-13 22:35:54,274 INFO         + Constructing with K=5...
BATCH_createVD 2019-05-13 22:37:25,995 INFO           - Saved the rectified and compressd co-occurrence for K=5!
BATCH_createVD 2019-05-13 22:37:25,996 INFO           - Elapsed seconds = 75.2757
BATCH_createVD 2019-05-13 22:37:25,997 INFO         + Constructing with K=10...
BATCH_createVD 2019-05-13 22:39:54,342 INFO           - Saved the rectified and compressd co-occurrence for K=10!
BATCH_createVD 2019-05-13 22:39:54,342 INFO           - Elapsed seconds = 131.5833
BATCH_createVD 2019-05-13 22:39:54,343 INFO         + Constructing with K=15...
BATCH_createVD 2019-05-13 22:43:22,482 INFO           - Saved the rectified and compressd co-occurrence for K=15!
BATCH_createVD 2019-05-13 22:43:22,483 INFO           - Elapsed seconds = 191.2007
BATCH_createVD 2019-05-13 22:43:22,485 INFO         + Constructing with K=20...
BATCH_createVD 2019-05-13 22:47:46,035 INFO           - Saved the rectified and compressd co-occurrence for K=20!
BATCH_createVD 2019-05-13 22:47:46,036 INFO           - Elapsed seconds = 246.5261
BATCH_createVD 2019-05-13 22:47:46,036 INFO         + Constructing with K=25...
BATCH_createVD 2019-05-13 22:53:07,069 INFO           - Saved the rectified and compressd co-occurrence for K=25!
BATCH_createVD 2019-05-13 22:53:07,070 INFO           - Elapsed seconds = 303.8780
BATCH_createVD 2019-05-13 22:53:07,070 INFO         + Constructing with K=50...
BATCH_createVD 2019-05-13 23:03:11,221 INFO           - Saved the rectified and compressd co-occurrence for K=50!
BATCH_createVD 2019-05-13 23:03:11,223 INFO           - Elapsed seconds = 587.2607
BATCH_createVD 2019-05-13 23:03:11,225 INFO         + Constructing with K=75...
BATCH_createVD 2019-05-13 23:17:46,058 INFO           - Saved the rectified and compressd co-occurrence for K=75!
BATCH_createVD 2019-05-13 23:17:46,059 INFO           - Elapsed seconds = 857.8278
BATCH_createVD 2019-05-13 23:17:46,061 INFO         + Constructing with K=100...
BATCH_createVD 2019-05-13 23:37:21,827 INFO           - Saved the rectified and compressd co-occurrence for K=100!
BATCH_createVD 2019-05-13 23:37:21,830 INFO           - Elapsed seconds = 1157.9349
BATCH_createVD 2019-05-13 23:37:21,831 INFO         + Constructing with K=125...
BATCH_createVD 2019-05-14 00:01:53,133 INFO           - Saved the rectified and compressd co-occurrence for K=125!
BATCH_createVD 2019-05-14 00:01:53,135 INFO           - Elapsed seconds = 1453.8770
BATCH_createVD 2019-05-14 00:01:53,137 INFO         + Constructing with K=150...
BATCH_createVD 2019-05-14 00:31:11,194 INFO           - Saved the rectified and compressd co-occurrence for K=150!
BATCH_createVD 2019-05-14 00:31:11,196 INFO           - Elapsed seconds = 1740.7911
BATCH_createVD 2019-05-14 00:36:48,921 INFO       + Reading and parsing with N=30000...
BATCH_createVD 2019-05-14 00:37:42,418 INFO         + Constructing with K=5...
BATCH_createVD 2019-05-14 00:39:28,736 INFO           - Saved the rectified and compressd co-occurrence for K=5!
BATCH_createVD 2019-05-14 00:39:28,739 INFO           - Elapsed seconds = 87.7474
BATCH_createVD 2019-05-14 00:39:28,741 INFO         + Constructing with K=10...
BATCH_createVD 2019-05-14 00:42:20,085 INFO           - Saved the rectified and compressd co-occurrence for K=10!
BATCH_createVD 2019-05-14 00:42:20,087 INFO           - Elapsed seconds = 152.8539
BATCH_createVD 2019-05-14 00:42:20,089 INFO         + Constructing with K=15...
BATCH_createVD 2019-05-14 00:46:17,366 INFO           - Saved the rectified and compressd co-occurrence for K=15!
BATCH_createVD 2019-05-14 00:46:17,368 INFO           - Elapsed seconds = 218.6437
BATCH_createVD 2019-05-14 00:46:17,370 INFO         + Constructing with K=20...
BATCH_createVD 2019-05-14 00:51:26,460 INFO           - Saved the rectified and compressd co-occurrence for K=20!
BATCH_createVD 2019-05-14 00:51:26,461 INFO           - Elapsed seconds = 290.7969
BATCH_createVD 2019-05-14 00:51:26,462 INFO         + Constructing with K=25...
BATCH_createVD 2019-05-14 00:57:38,277 INFO           - Saved the rectified and compressd co-occurrence for K=25!
BATCH_createVD 2019-05-14 00:57:38,278 INFO           - Elapsed seconds = 353.1698
BATCH_createVD 2019-05-14 00:57:38,279 INFO         + Constructing with K=50...
BATCH_createVD 2019-05-14 01:09:26,864 INFO           - Saved the rectified and compressd co-occurrence for K=50!
BATCH_createVD 2019-05-14 01:09:26,866 INFO           - Elapsed seconds = 690.0993
BATCH_createVD 2019-05-14 01:09:26,867 INFO         + Constructing with K=75...
BATCH_createVD 2019-05-14 01:26:37,800 INFO           - Saved the rectified and compressd co-occurrence for K=75!
BATCH_createVD 2019-05-14 01:26:37,803 INFO           - Elapsed seconds = 1011.9431
BATCH_createVD 2019-05-14 01:26:37,805 INFO         + Constructing with K=100...
BATCH_createVD 2019-05-14 01:49:24,686 INFO           - Saved the rectified and compressd co-occurrence for K=100!
BATCH_createVD 2019-05-14 01:49:24,688 INFO           - Elapsed seconds = 1347.7700
BATCH_createVD 2019-05-14 01:49:24,688 INFO         + Constructing with K=125...
BATCH_createVD 2019-05-14 02:17:55,688 INFO           - Saved the rectified and compressd co-occurrence for K=125!
BATCH_createVD 2019-05-14 02:17:55,689 INFO           - Elapsed seconds = 1692.0378
BATCH_createVD 2019-05-14 02:17:55,689 INFO         + Constructing with K=150...
BATCH_createVD 2019-05-14 02:51:55,473 INFO           - Saved the rectified and compressd co-occurrence for K=150!
BATCH_createVD 2019-05-14 02:51:55,476 INFO           - Elapsed seconds = 2020.6981
BATCH_createVD 2019-05-14 02:51:55,478 INFO       + Reading and parsing with N=60000...
BATCH_createVD 2019-05-14 02:52:50,004 INFO         + Constructing with K=5...
BATCH_createVD 2019-05-14 02:54:42,965 INFO           - Saved the rectified and compressd co-occurrence for K=5!
BATCH_createVD 2019-05-14 02:54:42,966 INFO           - Elapsed seconds = 94.0704
BATCH_createVD 2019-05-14 02:54:42,966 INFO         + Constructing with K=10...
BATCH_createVD 2019-05-14 02:57:45,524 INFO           - Saved the rectified and compressd co-occurrence for K=10!
BATCH_createVD 2019-05-14 02:57:45,527 INFO           - Elapsed seconds = 163.3100
BATCH_createVD 2019-05-14 02:57:45,528 INFO         + Constructing with K=15...
BATCH_createVD 2019-05-14 03:02:03,750 INFO           - Saved the rectified and compressd co-occurrence for K=15!
BATCH_createVD 2019-05-14 03:02:03,751 INFO           - Elapsed seconds = 239.2237
BATCH_createVD 2019-05-14 03:02:03,752 INFO         + Constructing with K=20...
BATCH_createVD 2019-05-14 03:07:42,232 INFO           - Saved the rectified and compressd co-occurrence for K=20!
BATCH_createVD 2019-05-14 03:07:42,233 INFO           - Elapsed seconds = 318.6397
BATCH_createVD 2019-05-14 03:07:42,234 INFO         + Constructing with K=25...
BATCH_createVD 2019-05-14 03:14:36,481 INFO           - Saved the rectified and compressd co-occurrence for K=25!
BATCH_createVD 2019-05-14 03:14:36,482 INFO           - Elapsed seconds = 393.4697
BATCH_createVD 2019-05-14 03:14:36,483 INFO         + Constructing with K=50...
BATCH_createVD 2019-05-14 03:27:27,368 INFO           - Saved the rectified and compressd co-occurrence for K=50!
BATCH_createVD 2019-05-14 03:27:27,370 INFO           - Elapsed seconds = 751.0318
BATCH_createVD 2019-05-14 03:27:27,372 INFO         + Constructing with K=75...
BATCH_createVD 2019-05-14 03:46:27,371 INFO           - Saved the rectified and compressd co-occurrence for K=75!
BATCH_createVD 2019-05-14 03:46:27,373 INFO           - Elapsed seconds = 1119.9785
BATCH_createVD 2019-05-14 03:46:27,375 INFO         + Constructing with K=100...
BATCH_createVD 2019-05-14 04:13:37,373 INFO           - Saved the rectified and compressd co-occurrence for K=100!
BATCH_createVD 2019-05-14 04:13:37,373 INFO           - Elapsed seconds = 1609.7502
BATCH_createVD 2019-05-14 04:13:37,373 INFO         + Constructing with K=125...
BATCH_createVD 2019-05-14 04:46:51,184 INFO           - Saved the rectified and compressd co-occurrence for K=125!
BATCH_createVD 2019-05-14 04:46:51,184 INFO           - Elapsed seconds = 1972.8761
BATCH_createVD 2019-05-14 04:46:51,200 INFO         + Constructing with K=150...
BATCH_createVD 2019-05-14 05:26:16,832 INFO           - Saved the rectified and compressd co-occurrence for K=150!
BATCH_createVD 2019-05-14 05:26:16,832 INFO           - Elapsed seconds = 2344.4091
BATCH_createVD 2019-05-14 05:26:16,847 INFO     + Start creating rectified and compressed datasets for [movies]...
BATCH_createVD 2019-05-14 05:26:16,863 INFO       + Reading and parsing with N=1250...
BATCH_createVD 2019-05-14 05:26:24,614 INFO         + Constructing with K=5...
BATCH_createVD 2019-05-14 05:26:34,706 INFO           - Saved the rectified and compressd co-occurrence for K=5!
BATCH_createVD 2019-05-14 05:26:34,706 INFO           - Elapsed seconds = 7.1996
BATCH_createVD 2019-05-14 05:26:34,706 INFO         + Constructing with K=10...
BATCH_createVD 2019-05-14 05:26:48,281 INFO           - Saved the rectified and compressd co-occurrence for K=10!
BATCH_createVD 2019-05-14 05:26:48,281 INFO           - Elapsed seconds = 10.8998
BATCH_createVD 2019-05-14 05:26:48,281 INFO         + Constructing with K=15...
BATCH_createVD 2019-05-14 05:27:06,880 INFO           - Saved the rectified and compressd co-occurrence for K=15!
BATCH_createVD 2019-05-14 05:27:06,880 INFO           - Elapsed seconds = 15.6799
BATCH_createVD 2019-05-14 05:27:06,880 INFO         + Constructing with K=20...
BATCH_createVD 2019-05-14 05:27:29,985 INFO           - Saved the rectified and compressd co-occurrence for K=20!
BATCH_createVD 2019-05-14 05:27:29,985 INFO           - Elapsed seconds = 20.1636
BATCH_createVD 2019-05-14 05:27:29,985 INFO         + Constructing with K=25...
BATCH_createVD 2019-05-14 05:27:57,633 INFO           - Saved the rectified and compressd co-occurrence for K=25!
BATCH_createVD 2019-05-14 05:27:57,633 INFO           - Elapsed seconds = 24.9286
BATCH_createVD 2019-05-14 05:27:57,633 INFO         + Constructing with K=50...
BATCH_createVD 2019-05-14 05:28:46,585 INFO           - Saved the rectified and compressd co-occurrence for K=50!
BATCH_createVD 2019-05-14 05:28:46,600 INFO           - Elapsed seconds = 46.2138
BATCH_createVD 2019-05-14 05:28:46,600 INFO         + Constructing with K=75...
BATCH_createVD 2019-05-14 05:29:57,313 INFO           - Saved the rectified and compressd co-occurrence for K=75!
BATCH_createVD 2019-05-14 05:29:57,313 INFO           - Elapsed seconds = 67.8814
BATCH_createVD 2019-05-14 05:29:57,313 INFO         + Constructing with K=100...
BATCH_createVD 2019-05-14 05:31:30,076 INFO           - Saved the rectified and compressd co-occurrence for K=100!
BATCH_createVD 2019-05-14 05:31:30,076 INFO           - Elapsed seconds = 89.8522
BATCH_createVD 2019-05-14 05:31:30,080 INFO       + Reading and parsing with N=2500...
BATCH_createVD 2019-05-14 05:31:37,354 INFO         + Constructing with K=5...
BATCH_createVD 2019-05-14 05:31:49,370 INFO           - Saved the rectified and compressd co-occurrence for K=5!
BATCH_createVD 2019-05-14 05:31:49,375 INFO           - Elapsed seconds = 8.5995
BATCH_createVD 2019-05-14 05:31:49,375 INFO         + Constructing with K=10...
BATCH_createVD 2019-05-14 05:32:05,968 INFO           - Saved the rectified and compressd co-occurrence for K=10!
BATCH_createVD 2019-05-14 05:32:05,968 INFO           - Elapsed seconds = 13.2528
BATCH_createVD 2019-05-14 05:32:05,968 INFO         + Constructing with K=15...
BATCH_createVD 2019-05-14 05:32:28,881 INFO           - Saved the rectified and compressd co-occurrence for K=15!
BATCH_createVD 2019-05-14 05:32:28,881 INFO           - Elapsed seconds = 19.4498
BATCH_createVD 2019-05-14 05:32:28,897 INFO         + Constructing with K=20...
BATCH_createVD 2019-05-14 05:32:56,832 INFO           - Saved the rectified and compressd co-occurrence for K=20!
BATCH_createVD 2019-05-14 05:32:56,832 INFO           - Elapsed seconds = 24.7313
BATCH_createVD 2019-05-14 05:32:56,832 INFO         + Constructing with K=25...
BATCH_createVD 2019-05-14 05:33:31,050 INFO           - Saved the rectified and compressd co-occurrence for K=25!
BATCH_createVD 2019-05-14 05:33:31,050 INFO           - Elapsed seconds = 30.7052
BATCH_createVD 2019-05-14 05:33:31,050 INFO         + Constructing with K=50...
BATCH_createVD 2019-05-14 05:34:33,650 INFO           - Saved the rectified and compressd co-occurrence for K=50!
BATCH_createVD 2019-05-14 05:34:33,650 INFO           - Elapsed seconds = 59.0701
BATCH_createVD 2019-05-14 05:34:33,666 INFO         + Constructing with K=75...
BATCH_createVD 2019-05-14 05:36:03,823 INFO           - Saved the rectified and compressd co-occurrence for K=75!
BATCH_createVD 2019-05-14 05:36:03,824 INFO           - Elapsed seconds = 86.7677
BATCH_createVD 2019-05-14 05:36:03,825 INFO         + Constructing with K=100...
BATCH_createVD 2019-05-14 05:37:58,612 INFO           - Saved the rectified and compressd co-occurrence for K=100!
BATCH_createVD 2019-05-14 05:37:58,612 INFO           - Elapsed seconds = 111.4690
BATCH_createVD 2019-05-14 05:37:58,612 INFO       + Reading and parsing with N=5000...
BATCH_createVD 2019-05-14 05:38:06,097 INFO         + Constructing with K=5...
BATCH_createVD 2019-05-14 05:38:18,611 INFO           - Saved the rectified and compressd co-occurrence for K=5!
BATCH_createVD 2019-05-14 05:38:18,611 INFO           - Elapsed seconds = 9.0782
BATCH_createVD 2019-05-14 05:38:18,611 INFO         + Constructing with K=10...
BATCH_createVD 2019-05-14 05:38:37,774 INFO           - Saved the rectified and compressd co-occurrence for K=10!
BATCH_createVD 2019-05-14 05:38:37,774 INFO           - Elapsed seconds = 15.4944
BATCH_createVD 2019-05-14 05:38:37,774 INFO         + Constructing with K=15...
BATCH_createVD 2019-05-14 05:39:03,189 INFO           - Saved the rectified and compressd co-occurrence for K=15!
BATCH_createVD 2019-05-14 05:39:03,189 INFO           - Elapsed seconds = 21.9127
BATCH_createVD 2019-05-14 05:39:03,189 INFO         + Constructing with K=20...
BATCH_createVD 2019-05-14 05:39:34,882 INFO           - Saved the rectified and compressd co-occurrence for K=20!
BATCH_createVD 2019-05-14 05:39:34,882 INFO           - Elapsed seconds = 27.9720
BATCH_createVD 2019-05-14 05:39:34,897 INFO         + Constructing with K=25...
BATCH_createVD 2019-05-14 05:40:12,892 INFO           - Saved the rectified and compressd co-occurrence for K=25!
BATCH_createVD 2019-05-14 05:40:12,892 INFO           - Elapsed seconds = 34.4894
BATCH_createVD 2019-05-14 05:40:12,892 INFO         + Constructing with K=50...
BATCH_createVD 2019-05-14 05:41:23,215 INFO           - Saved the rectified and compressd co-occurrence for K=50!
BATCH_createVD 2019-05-14 05:41:23,215 INFO           - Elapsed seconds = 66.7642
BATCH_createVD 2019-05-14 05:41:23,215 INFO         + Constructing with K=75...
BATCH_createVD 2019-05-14 05:43:05,724 INFO           - Saved the rectified and compressd co-occurrence for K=75!
BATCH_createVD 2019-05-14 05:43:05,724 INFO           - Elapsed seconds = 98.9181
BATCH_createVD 2019-05-14 05:43:05,724 INFO         + Constructing with K=100...
BATCH_createVD 2019-05-14 05:45:19,568 INFO           - Saved the rectified and compressd co-occurrence for K=100!
BATCH_createVD 2019-05-14 05:45:19,568 INFO           - Elapsed seconds = 130.1689
BATCH_createVD 2019-05-14 05:45:19,569 INFO       + Reading and parsing with N=10000...
BATCH_createVD 2019-05-14 05:45:27,229 INFO         + Constructing with K=5...
BATCH_createVD 2019-05-14 05:45:41,360 INFO           - Saved the rectified and compressd co-occurrence for K=5!
BATCH_createVD 2019-05-14 05:45:41,361 INFO           - Elapsed seconds = 10.3588
BATCH_createVD 2019-05-14 05:45:41,362 INFO         + Constructing with K=10...
BATCH_createVD 2019-05-14 05:46:02,703 INFO           - Saved the rectified and compressd co-occurrence for K=10!
BATCH_createVD 2019-05-14 05:46:02,703 INFO           - Elapsed seconds = 17.7135
BATCH_createVD 2019-05-14 05:46:02,703 INFO         + Constructing with K=15...
BATCH_createVD 2019-05-14 05:46:32,347 INFO           - Saved the rectified and compressd co-occurrence for K=15!
BATCH_createVD 2019-05-14 05:46:32,347 INFO           - Elapsed seconds = 25.8554
BATCH_createVD 2019-05-14 05:46:32,347 INFO         + Constructing with K=20...
BATCH_createVD 2019-05-14 05:47:08,525 INFO           - Saved the rectified and compressd co-occurrence for K=20!
BATCH_createVD 2019-05-14 05:47:08,525 INFO           - Elapsed seconds = 32.4595
BATCH_createVD 2019-05-14 05:47:08,541 INFO         + Constructing with K=25...
BATCH_createVD 2019-05-14 05:47:52,296 INFO           - Saved the rectified and compressd co-occurrence for K=25!
BATCH_createVD 2019-05-14 05:47:52,296 INFO           - Elapsed seconds = 40.1184
BATCH_createVD 2019-05-14 05:47:52,299 INFO         + Constructing with K=50...
BATCH_createVD 2019-05-14 05:49:12,465 INFO           - Saved the rectified and compressd co-occurrence for K=50!
BATCH_createVD 2019-05-14 05:49:12,465 INFO           - Elapsed seconds = 76.4907
BATCH_createVD 2019-05-14 05:49:12,465 INFO         + Constructing with K=75...
BATCH_createVD 2019-05-14 05:51:10,572 INFO           - Saved the rectified and compressd co-occurrence for K=75!
BATCH_createVD 2019-05-14 05:51:10,572 INFO           - Elapsed seconds = 114.2232
BATCH_createVD 2019-05-14 05:51:10,572 INFO         + Constructing with K=100...
BATCH_createVD 2019-05-14 05:53:47,424 INFO           - Saved the rectified and compressd co-occurrence for K=100!
BATCH_createVD 2019-05-14 05:53:47,440 INFO           - Elapsed seconds = 152.9297
BATCH_createVD 2019-05-14 05:53:47,440 INFO     + Start creating rectified and compressed datasets for [songs]...
BATCH_createVD 2019-05-14 05:53:47,440 INFO       + Reading and parsing with N=5000...
BATCH_createVD 2019-05-14 05:53:52,237 INFO         + Constructing with K=5...
BATCH_createVD 2019-05-14 05:53:54,096 INFO           - Saved the rectified and compressd co-occurrence for K=5!
BATCH_createVD 2019-05-14 05:53:54,112 INFO           - Elapsed seconds = 1.5045
BATCH_createVD 2019-05-14 05:53:54,112 INFO         + Constructing with K=10...
BATCH_createVD 2019-05-14 05:53:56,989 INFO           - Saved the rectified and compressd co-occurrence for K=10!
BATCH_createVD 2019-05-14 05:53:56,989 INFO           - Elapsed seconds = 2.4931
BATCH_createVD 2019-05-14 05:53:57,005 INFO         + Constructing with K=15...
BATCH_createVD 2019-05-14 05:54:01,411 INFO           - Saved the rectified and compressd co-occurrence for K=15!
BATCH_createVD 2019-05-14 05:54:01,411 INFO           - Elapsed seconds = 4.0190
BATCH_createVD 2019-05-14 05:54:01,411 INFO         + Constructing with K=20...
BATCH_createVD 2019-05-14 05:54:06,749 INFO           - Saved the rectified and compressd co-occurrence for K=20!
BATCH_createVD 2019-05-14 05:54:06,749 INFO           - Elapsed seconds = 4.9397
BATCH_createVD 2019-05-14 05:54:06,749 INFO         + Constructing with K=25...
BATCH_createVD 2019-05-14 05:54:13,445 INFO           - Saved the rectified and compressd co-occurrence for K=25!
BATCH_createVD 2019-05-14 05:54:13,461 INFO           - Elapsed seconds = 6.3013
BATCH_createVD 2019-05-14 05:54:13,461 INFO         + Constructing with K=50...
BATCH_createVD 2019-05-14 05:54:25,765 INFO           - Saved the rectified and compressd co-occurrence for K=50!
BATCH_createVD 2019-05-14 05:54:25,765 INFO           - Elapsed seconds = 11.9156
BATCH_createVD 2019-05-14 05:54:25,765 INFO         + Constructing with K=75...
BATCH_createVD 2019-05-14 05:54:43,405 INFO           - Saved the rectified and compressd co-occurrence for K=75!
BATCH_createVD 2019-05-14 05:54:43,405 INFO           - Elapsed seconds = 17.2380
BATCH_createVD 2019-05-14 05:54:43,405 INFO         + Constructing with K=100...
BATCH_createVD 2019-05-14 05:55:06,968 INFO           - Saved the rectified and compressd co-occurrence for K=100!
BATCH_createVD 2019-05-14 05:55:06,968 INFO           - Elapsed seconds = 23.0933
BATCH_createVD 2019-05-14 05:55:06,968 INFO       + Reading and parsing with N=10000...
BATCH_createVD 2019-05-14 05:55:11,922 INFO         + Constructing with K=5...
BATCH_createVD 2019-05-14 05:55:14,694 INFO           - Saved the rectified and compressd co-occurrence for K=5!
BATCH_createVD 2019-05-14 05:55:14,710 INFO           - Elapsed seconds = 2.3334
BATCH_createVD 2019-05-14 05:55:14,710 INFO         + Constructing with K=10...
BATCH_createVD 2019-05-14 05:55:19,529 INFO           - Saved the rectified and compressd co-occurrence for K=10!
BATCH_createVD 2019-05-14 05:55:19,529 INFO           - Elapsed seconds = 4.3535
BATCH_createVD 2019-05-14 05:55:19,529 INFO         + Constructing with K=15...
BATCH_createVD 2019-05-14 05:55:26,248 INFO           - Saved the rectified and compressd co-occurrence for K=15!
BATCH_createVD 2019-05-14 05:55:26,248 INFO           - Elapsed seconds = 6.2237
BATCH_createVD 2019-05-14 05:55:26,248 INFO         + Constructing with K=20...
BATCH_createVD 2019-05-14 05:55:34,688 INFO           - Saved the rectified and compressd co-occurrence for K=20!
BATCH_createVD 2019-05-14 05:55:34,688 INFO           - Elapsed seconds = 7.9769
BATCH_createVD 2019-05-14 05:55:34,688 INFO         + Constructing with K=25...
BATCH_createVD 2019-05-14 05:55:45,170 INFO           - Saved the rectified and compressd co-occurrence for K=25!
BATCH_createVD 2019-05-14 05:55:45,170 INFO           - Elapsed seconds = 9.9710
BATCH_createVD 2019-05-14 05:55:45,170 INFO         + Constructing with K=50...
BATCH_createVD 2019-05-14 05:56:05,250 INFO           - Saved the rectified and compressd co-occurrence for K=50!
BATCH_createVD 2019-05-14 05:56:05,250 INFO           - Elapsed seconds = 19.5774
BATCH_createVD 2019-05-14 05:56:05,250 INFO         + Constructing with K=75...
BATCH_createVD 2019-05-14 05:56:34,718 INFO           - Saved the rectified and compressd co-occurrence for K=75!
BATCH_createVD 2019-05-14 05:56:34,718 INFO           - Elapsed seconds = 28.8803
BATCH_createVD 2019-05-14 05:56:34,718 INFO         + Constructing with K=100...
BATCH_createVD 2019-05-14 05:57:12,973 INFO           - Saved the rectified and compressd co-occurrence for K=100!
BATCH_createVD 2019-05-14 05:57:12,973 INFO           - Elapsed seconds = 37.6134
BATCH_createVD 2019-05-14 05:57:12,973 INFO       + Reading and parsing with N=20000...
BATCH_createVD 2019-05-14 05:57:18,076 INFO         + Constructing with K=5...
BATCH_createVD 2019-05-14 05:57:21,795 INFO           - Saved the rectified and compressd co-occurrence for K=5!
BATCH_createVD 2019-05-14 05:57:21,811 INFO           - Elapsed seconds = 3.2020
BATCH_createVD 2019-05-14 05:57:21,811 INFO         + Constructing with K=10...
BATCH_createVD 2019-05-14 05:57:28,124 INFO           - Saved the rectified and compressd co-occurrence for K=10!
BATCH_createVD 2019-05-14 05:57:28,124 INFO           - Elapsed seconds = 5.7665
BATCH_createVD 2019-05-14 05:57:28,124 INFO         + Constructing with K=15...
BATCH_createVD 2019-05-14 05:57:37,251 INFO           - Saved the rectified and compressd co-occurrence for K=15!
BATCH_createVD 2019-05-14 05:57:37,251 INFO           - Elapsed seconds = 8.5678
BATCH_createVD 2019-05-14 05:57:37,251 INFO         + Constructing with K=20...
BATCH_createVD 2019-05-14 05:57:48,817 INFO           - Saved the rectified and compressd co-occurrence for K=20!
BATCH_createVD 2019-05-14 05:57:48,817 INFO           - Elapsed seconds = 11.0024
BATCH_createVD 2019-05-14 05:57:48,817 INFO         + Constructing with K=25...
BATCH_createVD 2019-05-14 05:58:03,139 INFO           - Saved the rectified and compressd co-occurrence for K=25!
BATCH_createVD 2019-05-14 05:58:03,139 INFO           - Elapsed seconds = 13.7335
BATCH_createVD 2019-05-14 05:58:03,139 INFO         + Constructing with K=50...
BATCH_createVD 2019-05-14 05:58:29,928 INFO           - Saved the rectified and compressd co-occurrence for K=50!
BATCH_createVD 2019-05-14 05:58:29,928 INFO           - Elapsed seconds = 26.1173
BATCH_createVD 2019-05-14 05:58:29,944 INFO         + Constructing with K=75...
BATCH_createVD 2019-05-14 05:59:09,140 INFO           - Saved the rectified and compressd co-occurrence for K=75!
BATCH_createVD 2019-05-14 05:59:09,140 INFO           - Elapsed seconds = 38.4647
BATCH_createVD 2019-05-14 05:59:09,156 INFO         + Constructing with K=100...
BATCH_createVD 2019-05-14 06:00:01,335 INFO           - Saved the rectified and compressd co-occurrence for K=100!
BATCH_createVD 2019-05-14 06:00:01,335 INFO           - Elapsed seconds = 51.3656
BATCH_createVD 2019-05-14 06:00:01,335 INFO       + Reading and parsing with N=40000...
BATCH_createVD 2019-05-14 06:00:06,842 INFO         + Constructing with K=5...
BATCH_createVD 2019-05-14 06:00:11,514 INFO           - Saved the rectified and compressd co-occurrence for K=5!
BATCH_createVD 2019-05-14 06:00:11,514 INFO           - Elapsed seconds = 4.1127
BATCH_createVD 2019-05-14 06:00:11,514 INFO         + Constructing with K=10...
BATCH_createVD 2019-05-14 06:00:19,719 INFO           - Saved the rectified and compressd co-occurrence for K=10!
BATCH_createVD 2019-05-14 06:00:19,719 INFO           - Elapsed seconds = 7.6254
BATCH_createVD 2019-05-14 06:00:19,719 INFO         + Constructing with K=15...
BATCH_createVD 2019-05-14 06:00:31,704 INFO           - Saved the rectified and compressd co-occurrence for K=15!
BATCH_createVD 2019-05-14 06:00:31,720 INFO           - Elapsed seconds = 11.3964
BATCH_createVD 2019-05-14 06:00:31,720 INFO         + Constructing with K=20...
BATCH_createVD 2019-05-14 06:00:46,442 INFO           - Saved the rectified and compressd co-occurrence for K=20!
BATCH_createVD 2019-05-14 06:00:46,442 INFO           - Elapsed seconds = 14.1347
BATCH_createVD 2019-05-14 06:00:46,442 INFO         + Constructing with K=25...
BATCH_createVD 2019-05-14 06:01:05,273 INFO           - Saved the rectified and compressd co-occurrence for K=25!
BATCH_createVD 2019-05-14 06:01:05,273 INFO           - Elapsed seconds = 18.1218
BATCH_createVD 2019-05-14 06:01:05,273 INFO         + Constructing with K=50...
BATCH_createVD 2019-05-14 06:01:40,149 INFO           - Saved the rectified and compressd co-occurrence for K=50!
BATCH_createVD 2019-05-14 06:01:40,149 INFO           - Elapsed seconds = 34.0672
BATCH_createVD 2019-05-14 06:01:40,164 INFO         + Constructing with K=75...
BATCH_createVD 2019-05-14 06:02:30,704 INFO           - Saved the rectified and compressd co-occurrence for K=75!
BATCH_createVD 2019-05-14 06:02:30,704 INFO           - Elapsed seconds = 49.6043
BATCH_createVD 2019-05-14 06:02:30,704 INFO         + Constructing with K=100...
BATCH_createVD 2019-05-14 06:03:36,906 INFO           - Saved the rectified and compressd co-occurrence for K=100!
BATCH_createVD 2019-05-14 06:03:36,906 INFO           - Elapsed seconds = 65.1138
