BATCH_createVD 2019-05-20 17:02:03,374 INFO     BATCH_createVD
BATCH_createVD 2019-05-20 17:02:03,375 INFO     + Start creating rectified and compressed datasets for [blog]...
BATCH_createVD 2019-05-20 17:02:03,376 INFO       + Reading and parsing with N=1500...
BATCH_createVD 2019-05-20 17:02:04,625 INFO         + Constructing with K=5...
BATCH_createVD 2019-05-20 17:02:05,816 INFO           - Saved the rectified and compressd co-occurrence for K=5!
BATCH_createVD 2019-05-20 17:02:05,817 INFO           - Elapsed seconds = 0.8550
BATCH_createVD 2019-05-20 17:02:05,817 INFO         + Constructing with K=10...
BATCH_createVD 2019-05-20 17:02:07,632 INFO           - Saved the rectified and compressd co-occurrence for K=10!
BATCH_createVD 2019-05-20 17:02:07,634 INFO           - Elapsed seconds = 1.4713
BATCH_createVD 2019-05-20 17:02:07,634 INFO         + Constructing with K=15...
BATCH_createVD 2019-05-20 17:02:10,079 INFO           - Saved the rectified and compressd co-occurrence for K=15!
BATCH_createVD 2019-05-20 17:02:10,080 INFO           - Elapsed seconds = 2.1069
BATCH_createVD 2019-05-20 17:02:10,081 INFO         + Constructing with K=20...
BATCH_createVD 2019-05-20 17:02:13,104 INFO           - Saved the rectified and compressd co-occurrence for K=20!
BATCH_createVD 2019-05-20 17:02:13,105 INFO           - Elapsed seconds = 2.6843
BATCH_createVD 2019-05-20 17:02:13,106 INFO         + Constructing with K=25...
BATCH_createVD 2019-05-20 17:02:16,763 INFO           - Saved the rectified and compressd co-occurrence for K=25!
BATCH_createVD 2019-05-20 17:02:16,764 INFO           - Elapsed seconds = 3.3135
BATCH_createVD 2019-05-20 17:02:16,765 INFO         + Constructing with K=50...
BATCH_createVD 2019-05-20 17:02:23,601 INFO           - Saved the rectified and compressd co-occurrence for K=50!
BATCH_createVD 2019-05-20 17:02:23,602 INFO           - Elapsed seconds = 6.4828
BATCH_createVD 2019-05-20 17:02:23,602 INFO         + Constructing with K=75...
BATCH_createVD 2019-05-20 17:02:33,707 INFO           - Saved the rectified and compressd co-occurrence for K=75!
BATCH_createVD 2019-05-20 17:02:33,708 INFO           - Elapsed seconds = 9.7082
BATCH_createVD 2019-05-20 17:02:33,708 INFO         + Constructing with K=100...
BATCH_createVD 2019-05-20 17:02:47,022 INFO           - Saved the rectified and compressd co-occurrence for K=100!
BATCH_createVD 2019-05-20 17:02:47,023 INFO           - Elapsed seconds = 12.9559
BATCH_createVD 2019-05-20 17:02:47,024 INFO       + Reading and parsing with N=2500...
BATCH_createVD 2019-05-20 17:02:48,314 INFO         + Constructing with K=5...
BATCH_createVD 2019-05-20 17:02:49,813 INFO           - Saved the rectified and compressd co-occurrence for K=5!
BATCH_createVD 2019-05-20 17:02:49,813 INFO           - Elapsed seconds = 1.1081
BATCH_createVD 2019-05-20 17:02:49,814 INFO         + Constructing with K=10...
BATCH_createVD 2019-05-20 17:02:52,141 INFO           - Saved the rectified and compressd co-occurrence for K=10!
BATCH_createVD 2019-05-20 17:02:52,142 INFO           - Elapsed seconds = 1.9305
BATCH_createVD 2019-05-20 17:02:52,142 INFO         + Constructing with K=15...
BATCH_createVD 2019-05-20 17:02:55,282 INFO           - Saved the rectified and compressd co-occurrence for K=15!
BATCH_createVD 2019-05-20 17:02:55,283 INFO           - Elapsed seconds = 2.7415
BATCH_createVD 2019-05-20 17:02:55,283 INFO         + Constructing with K=20...
BATCH_createVD 2019-05-20 17:02:59,080 INFO           - Saved the rectified and compressd co-occurrence for K=20!
BATCH_createVD 2019-05-20 17:02:59,081 INFO           - Elapsed seconds = 3.3977
BATCH_createVD 2019-05-20 17:02:59,082 INFO         + Constructing with K=25...
BATCH_createVD 2019-05-20 17:03:03,688 INFO           - Saved the rectified and compressd co-occurrence for K=25!
BATCH_createVD 2019-05-20 17:03:03,689 INFO           - Elapsed seconds = 4.2009
BATCH_createVD 2019-05-20 17:03:03,690 INFO         + Constructing with K=50...
BATCH_createVD 2019-05-20 17:03:12,524 INFO           - Saved the rectified and compressd co-occurrence for K=50!
BATCH_createVD 2019-05-20 17:03:12,525 INFO           - Elapsed seconds = 8.4171
BATCH_createVD 2019-05-20 17:03:12,526 INFO         + Constructing with K=75...
BATCH_createVD 2019-05-20 17:03:25,364 INFO           - Saved the rectified and compressd co-occurrence for K=75!
BATCH_createVD 2019-05-20 17:03:25,365 INFO           - Elapsed seconds = 12.4133
BATCH_createVD 2019-05-20 17:03:25,366 INFO         + Constructing with K=100...
BATCH_createVD 2019-05-20 17:03:42,747 INFO           - Saved the rectified and compressd co-occurrence for K=100!
BATCH_createVD 2019-05-20 17:03:42,748 INFO           - Elapsed seconds = 16.9490
BATCH_createVD 2019-05-20 17:03:42,749 INFO       + Reading and parsing with N=3500...
BATCH_createVD 2019-05-20 17:03:44,080 INFO         + Constructing with K=5...
BATCH_createVD 2019-05-20 17:03:45,745 INFO           - Saved the rectified and compressd co-occurrence for K=5!
BATCH_createVD 2019-05-20 17:03:45,745 INFO           - Elapsed seconds = 1.2363
BATCH_createVD 2019-05-20 17:03:45,746 INFO         + Constructing with K=10...
BATCH_createVD 2019-05-20 17:03:48,245 INFO           - Saved the rectified and compressd co-occurrence for K=10!
BATCH_createVD 2019-05-20 17:03:48,246 INFO           - Elapsed seconds = 2.0736
BATCH_createVD 2019-05-20 17:03:48,247 INFO         + Constructing with K=15...
BATCH_createVD 2019-05-20 17:03:51,673 INFO           - Saved the rectified and compressd co-occurrence for K=15!
BATCH_createVD 2019-05-20 17:03:51,674 INFO           - Elapsed seconds = 2.9941
BATCH_createVD 2019-05-20 17:03:51,674 INFO         + Constructing with K=20...
BATCH_createVD 2019-05-20 17:03:56,089 INFO           - Saved the rectified and compressd co-occurrence for K=20!
BATCH_createVD 2019-05-20 17:03:56,090 INFO           - Elapsed seconds = 3.9804
BATCH_createVD 2019-05-20 17:03:56,090 INFO         + Constructing with K=25...
BATCH_createVD 2019-05-20 17:04:01,624 INFO           - Saved the rectified and compressd co-occurrence for K=25!
BATCH_createVD 2019-05-20 17:04:01,625 INFO           - Elapsed seconds = 5.0686
BATCH_createVD 2019-05-20 17:04:01,626 INFO         + Constructing with K=50...
BATCH_createVD 2019-05-20 17:04:11,606 INFO           - Saved the rectified and compressd co-occurrence for K=50!
BATCH_createVD 2019-05-20 17:04:11,606 INFO           - Elapsed seconds = 9.5270
BATCH_createVD 2019-05-20 17:04:11,607 INFO         + Constructing with K=75...
BATCH_createVD 2019-05-20 17:04:26,193 INFO           - Saved the rectified and compressd co-occurrence for K=75!
BATCH_createVD 2019-05-20 17:04:26,194 INFO           - Elapsed seconds = 14.1229
BATCH_createVD 2019-05-20 17:04:26,195 INFO         + Constructing with K=100...
BATCH_createVD 2019-05-20 17:04:45,461 INFO           - Saved the rectified and compressd co-occurrence for K=100!
BATCH_createVD 2019-05-20 17:04:45,462 INFO           - Elapsed seconds = 18.7899
