BATCH_createC 2019-05-14 15:12:16,260 INFO     BATCH_createC
BATCH_createC 2019-05-14 15:12:16,260 INFO     + Start creating rectified and compressed datasets for [blog]...
BATCH_createC 2019-05-14 15:12:16,275 INFO       + Reading and parsing with N=500...
BATCH_createC 2019-05-14 15:12:27,115 INFO     BATCH_createC
BATCH_createC 2019-05-14 15:12:27,146 INFO     + Start creating rectified and compressed datasets for [blog]...
BATCH_createC 2019-05-14 15:12:27,146 INFO       + Reading and parsing with N=500...
BATCH_createC 2019-05-14 15:12:29,291 INFO         - Saved the original co-occurrence and (co)example frequencies!
BATCH_createC 2019-05-14 15:12:29,291 INFO         - Elapsed seconds = 0.8655
BATCH_createC 2019-05-14 15:12:29,291 INFO       + Reading and parsing with N=1000...
BATCH_createC 2019-05-14 15:12:32,667 INFO         - Saved the original co-occurrence and (co)example frequencies!
BATCH_createC 2019-05-14 15:12:32,667 INFO         - Elapsed seconds = 1.9271
BATCH_createC 2019-05-14 15:12:32,667 INFO       + Reading and parsing with N=2000...
BATCH_createC 2019-05-14 15:12:38,940 INFO         - Saved the original co-occurrence and (co)example frequencies!
BATCH_createC 2019-05-14 15:12:38,940 INFO         - Elapsed seconds = 3.9640
BATCH_createC 2019-05-14 15:12:38,940 INFO       + Reading and parsing with N=4447...
BATCH_createC 2019-05-14 15:13:34,870 INFO     BATCH_createC
BATCH_createC 2019-05-14 15:13:34,870 INFO     + Start creating rectified and compressed datasets for [blog]...
BATCH_createC 2019-05-14 15:13:34,870 INFO       + Reading and parsing with N=500...
BATCH_createC 2019-05-14 15:13:37,035 INFO         - Saved the original co-occurrence and (co)example frequencies!
BATCH_createC 2019-05-14 15:13:37,035 INFO         - Elapsed seconds = 0.8945
BATCH_createC 2019-05-14 15:13:37,035 INFO       + Reading and parsing with N=1000...
BATCH_createC 2019-05-14 15:13:40,489 INFO         - Saved the original co-occurrence and (co)example frequencies!
BATCH_createC 2019-05-14 15:13:40,489 INFO         - Elapsed seconds = 1.9322
BATCH_createC 2019-05-14 15:13:40,489 INFO       + Reading and parsing with N=2000...
BATCH_createC 2019-05-14 15:13:47,073 INFO         - Saved the original co-occurrence and (co)example frequencies!
BATCH_createC 2019-05-14 15:13:47,073 INFO         - Elapsed seconds = 4.2749
BATCH_createC 2019-05-14 15:13:47,073 INFO       + Reading and parsing with N=4447...
BATCH_createC 2019-05-14 15:14:01,372 INFO         - Saved the original co-occurrence and (co)example frequencies!
BATCH_createC 2019-05-14 15:14:01,372 INFO         - Elapsed seconds = 7.4778
BATCH_createC 2019-05-14 15:14:01,387 INFO     + Start creating rectified and compressed datasets for [yelp]...
BATCH_createC 2019-05-14 15:14:01,387 INFO       + Reading and parsing with N=200...
BATCH_createC 2019-05-14 15:14:02,343 INFO         - Saved the original co-occurrence and (co)example frequencies!
BATCH_createC 2019-05-14 15:14:02,343 INFO         - Elapsed seconds = 0.3710
BATCH_createC 2019-05-14 15:14:02,343 INFO       + Reading and parsing with N=400...
BATCH_createC 2019-05-14 15:14:03,499 INFO         - Saved the original co-occurrence and (co)example frequencies!
BATCH_createC 2019-05-14 15:14:03,499 INFO         - Elapsed seconds = 0.4642
BATCH_createC 2019-05-14 15:14:03,499 INFO       + Reading and parsing with N=800...
BATCH_createC 2019-05-14 15:14:05,010 INFO         - Saved the original co-occurrence and (co)example frequencies!
BATCH_createC 2019-05-14 15:14:05,010 INFO         - Elapsed seconds = 0.6798
BATCH_createC 2019-05-14 15:14:05,010 INFO       + Reading and parsing with N=1606...
BATCH_createC 2019-05-14 15:14:07,573 INFO         - Saved the original co-occurrence and (co)example frequencies!
BATCH_createC 2019-05-14 15:14:07,573 INFO         - Elapsed seconds = 1.1295
BATCH_createC 2019-05-14 15:14:07,573 INFO     + Start creating rectified and compressed datasets for [nips]...
BATCH_createC 2019-05-14 15:14:07,573 INFO       + Reading and parsing with N=1250...
BATCH_createC 2019-05-14 15:14:10,479 INFO         - Saved the original co-occurrence and (co)example frequencies!
BATCH_createC 2019-05-14 15:14:10,479 INFO         - Elapsed seconds = 1.4942
BATCH_createC 2019-05-14 15:14:10,479 INFO       + Reading and parsing with N=2500...
BATCH_createC 2019-05-14 15:14:17,402 INFO         - Saved the original co-occurrence and (co)example frequencies!
BATCH_createC 2019-05-14 15:14:17,402 INFO         - Elapsed seconds = 4.2330
BATCH_createC 2019-05-14 15:14:17,402 INFO       + Reading and parsing with N=5000...
BATCH_createC 2019-05-14 15:14:33,825 INFO         - Saved the original co-occurrence and (co)example frequencies!
BATCH_createC 2019-05-14 15:14:33,825 INFO         - Elapsed seconds = 8.2797
BATCH_createC 2019-05-14 15:14:33,825 INFO       + Reading and parsing with N=10000...
BATCH_createC 2019-05-14 15:15:12,830 INFO         - Saved the original co-occurrence and (co)example frequencies!
BATCH_createC 2019-05-14 15:15:12,830 INFO         - Elapsed seconds = 14.8410
BATCH_createC 2019-05-14 15:15:12,830 INFO     + Start creating rectified and compressed datasets for [nytimes]...
BATCH_createC 2019-05-14 15:15:12,830 INFO       + Reading and parsing with N=7500...
BATCH_createC 2019-05-14 15:23:25,635 INFO         - Saved the original co-occurrence and (co)example frequencies!
BATCH_createC 2019-05-14 15:23:25,635 INFO         - Elapsed seconds = 428.2396
BATCH_createC 2019-05-14 15:23:25,651 INFO       + Reading and parsing with N=15000...
BATCH_createC 2019-05-14 15:34:47,373 INFO         - Saved the original co-occurrence and (co)example frequencies!
BATCH_createC 2019-05-14 15:34:47,376 INFO         - Elapsed seconds = 567.0425
BATCH_createC 2019-05-14 15:34:47,378 INFO     + Start creating rectified and compressed datasets for [movies]...
BATCH_createC 2019-05-14 15:34:47,379 INFO       + Reading and parsing with N=1250...
BATCH_createC 2019-05-14 15:35:38,698 INFO         - Saved the original co-occurrence and (co)example frequencies!
BATCH_createC 2019-05-14 15:35:38,699 INFO         - Elapsed seconds = 43.8343
BATCH_createC 2019-05-14 15:35:38,699 INFO       + Reading and parsing with N=2500...
BATCH_createC 2019-05-14 15:37:17,081 INFO         - Saved the original co-occurrence and (co)example frequencies!
BATCH_createC 2019-05-14 15:37:17,082 INFO         - Elapsed seconds = 89.4295
BATCH_createC 2019-05-14 15:37:17,084 INFO       + Reading and parsing with N=5000...
BATCH_createC 2019-05-14 15:39:48,226 INFO         - Saved the original co-occurrence and (co)example frequencies!
BATCH_createC 2019-05-14 15:39:48,226 INFO         - Elapsed seconds = 137.4951
BATCH_createC 2019-05-14 15:39:48,226 INFO       + Reading and parsing with N=10000...
BATCH_createC 2019-05-14 15:43:12,152 INFO         - Saved the original co-occurrence and (co)example frequencies!
BATCH_createC 2019-05-14 15:43:12,154 INFO         - Elapsed seconds = 168.4788
BATCH_createC 2019-05-14 15:43:12,155 INFO     + Start creating rectified and compressed datasets for [songs]...
BATCH_createC 2019-05-14 15:43:12,157 INFO       + Reading and parsing with N=5000...
BATCH_createC 2019-05-14 15:43:28,059 INFO         - Saved the original co-occurrence and (co)example frequencies!
BATCH_createC 2019-05-14 15:43:28,060 INFO         - Elapsed seconds = 7.0059
BATCH_createC 2019-05-14 15:43:28,060 INFO       + Reading and parsing with N=10000...
BATCH_createC 2019-05-14 15:43:57,670 INFO         - Saved the original co-occurrence and (co)example frequencies!
BATCH_createC 2019-05-14 15:43:57,671 INFO         - Elapsed seconds = 10.9127
