BATCH_createC_pruning 2019-05-17 19:47:56,782 INFO     BATCH_createC_pruning
BATCH_createC_pruning 2019-05-17 19:47:56,790 INFO     + Start creating pruned full co-occurrence dataset for [blog]...
BATCH_createC_pruning 2019-05-17 19:47:56,799 INFO       + Reading and parsing with N=4447, P=0.25...
BATCH_createC_pruning 2019-05-17 19:48:11,145 INFO         - Saved the original co-occurrence and (co)example frequencies!
BATCH_createC_pruning 2019-05-17 19:48:11,150 INFO         - Elapsed seconds = 7.3075
BATCH_createC_pruning 2019-05-17 19:48:11,152 INFO       + Reading and parsing with N=4447, P=0.50...
BATCH_createC_pruning 2019-05-17 19:48:26,240 INFO         - Saved the original co-occurrence and (co)example frequencies!
BATCH_createC_pruning 2019-05-17 19:48:26,241 INFO         - Elapsed seconds = 7.9654
BATCH_createC_pruning 2019-05-17 19:48:26,241 INFO       + Reading and parsing with N=4447, P=0.75...
BATCH_createC_pruning 2019-05-17 19:48:41,231 INFO         - Saved the original co-occurrence and (co)example frequencies!
BATCH_createC_pruning 2019-05-17 19:48:41,232 INFO         - Elapsed seconds = 7.8705
BATCH_createC_pruning 2019-05-17 19:48:41,233 INFO       + Reading and parsing with N=4447, P=1.00...
BATCH_createC_pruning 2019-05-17 19:48:56,416 INFO         - Saved the original co-occurrence and (co)example frequencies!
BATCH_createC_pruning 2019-05-17 19:48:56,417 INFO         - Elapsed seconds = 8.0038
BATCH_createC_pruning 2019-05-17 19:48:56,418 INFO     + Start creating pruned full co-occurrence dataset for [yelp]...
BATCH_createC_pruning 2019-05-17 19:48:56,419 INFO       + Reading and parsing with N=1606, P=0.25...
BATCH_createC_pruning 2019-05-17 19:48:58,928 INFO         - Saved the original co-occurrence and (co)example frequencies!
BATCH_createC_pruning 2019-05-17 19:48:58,928 INFO         - Elapsed seconds = 1.0669
BATCH_createC_pruning 2019-05-17 19:48:58,929 INFO       + Reading and parsing with N=1606, P=0.50...
BATCH_createC_pruning 2019-05-17 19:49:01,427 INFO         - Saved the original co-occurrence and (co)example frequencies!
BATCH_createC_pruning 2019-05-17 19:49:01,428 INFO         - Elapsed seconds = 1.0582
BATCH_createC_pruning 2019-05-17 19:49:01,429 INFO       + Reading and parsing with N=1606, P=0.75...
BATCH_createC_pruning 2019-05-17 19:49:03,898 INFO         - Saved the original co-occurrence and (co)example frequencies!
BATCH_createC_pruning 2019-05-17 19:49:03,899 INFO         - Elapsed seconds = 1.0823
BATCH_createC_pruning 2019-05-17 19:49:03,900 INFO       + Reading and parsing with N=1606, P=1.00...
BATCH_createC_pruning 2019-05-17 19:49:06,329 INFO         - Saved the original co-occurrence and (co)example frequencies!
BATCH_createC_pruning 2019-05-17 19:49:06,331 INFO         - Elapsed seconds = 1.0650
BATCH_createC_pruning 2019-05-17 19:49:06,333 INFO     + Start creating pruned full co-occurrence dataset for [nips]...
BATCH_createC_pruning 2019-05-17 19:49:06,335 INFO       + Reading and parsing with N=5000, P=0.25...
BATCH_createC_pruning 2019-05-17 19:49:18,773 INFO         - Saved the original co-occurrence and (co)example frequencies!
BATCH_createC_pruning 2019-05-17 19:49:18,775 INFO         - Elapsed seconds = 4.0446
BATCH_createC_pruning 2019-05-17 19:49:18,777 INFO       + Reading and parsing with N=5000, P=0.50...
BATCH_createC_pruning 2019-05-17 19:49:35,289 INFO         - Saved the original co-occurrence and (co)example frequencies!
BATCH_createC_pruning 2019-05-17 19:49:35,289 INFO         - Elapsed seconds = 8.3418
BATCH_createC_pruning 2019-05-17 19:49:35,290 INFO       + Reading and parsing with N=5000, P=0.75...
BATCH_createC_pruning 2019-05-17 19:49:55,409 INFO         - Saved the original co-occurrence and (co)example frequencies!
BATCH_createC_pruning 2019-05-17 19:49:55,410 INFO         - Elapsed seconds = 11.9454
BATCH_createC_pruning 2019-05-17 19:49:55,411 INFO       + Reading and parsing with N=5000, P=1.00...
BATCH_createC_pruning 2019-05-17 19:50:16,425 INFO         - Saved the original co-occurrence and (co)example frequencies!
BATCH_createC_pruning 2019-05-17 19:50:16,426 INFO         - Elapsed seconds = 12.8928
BATCH_createC_pruning 2019-05-17 19:50:16,427 INFO     + Start creating pruned full co-occurrence dataset for [nytimes]...
BATCH_createC_pruning 2019-05-17 19:50:16,428 INFO       + Reading and parsing with N=15000, P=0.25...
BATCH_createC_pruning 2019-05-17 20:01:42,443 INFO         - Saved the original co-occurrence and (co)example frequencies!
BATCH_createC_pruning 2019-05-17 20:01:42,444 INFO         - Elapsed seconds = 569.4995
BATCH_createC_pruning 2019-05-17 20:01:42,445 INFO       + Reading and parsing with N=15000, P=0.50...
BATCH_createC_pruning 2019-05-17 20:13:30,302 INFO         - Saved the original co-occurrence and (co)example frequencies!
BATCH_createC_pruning 2019-05-17 20:13:30,303 INFO         - Elapsed seconds = 590.9695
BATCH_createC_pruning 2019-05-17 20:13:30,304 INFO       + Reading and parsing with N=15000, P=0.75...
BATCH_createC_pruning 2019-05-17 20:25:06,874 INFO         - Saved the original co-occurrence and (co)example frequencies!
BATCH_createC_pruning 2019-05-17 20:25:06,875 INFO         - Elapsed seconds = 581.5249
BATCH_createC_pruning 2019-05-17 20:25:06,876 INFO       + Reading and parsing with N=15000, P=1.00...
BATCH_createC_pruning 2019-05-17 20:36:44,691 INFO         - Saved the original co-occurrence and (co)example frequencies!
BATCH_createC_pruning 2019-05-17 20:36:44,692 INFO         - Elapsed seconds = 582.6077
BATCH_createC_pruning 2019-05-17 20:36:44,705 INFO     + Start creating pruned full co-occurrence dataset for [movies]...
BATCH_createC_pruning 2019-05-17 20:36:44,709 INFO       + Reading and parsing with N=10000, P=0.25...
BATCH_createC_pruning 2019-05-17 20:39:32,132 INFO         - Saved the original co-occurrence and (co)example frequencies!
BATCH_createC_pruning 2019-05-17 20:39:32,133 INFO         - Elapsed seconds = 132.2591
BATCH_createC_pruning 2019-05-17 20:39:32,134 INFO       + Reading and parsing with N=10000, P=0.50...
BATCH_createC_pruning 2019-05-17 20:42:36,596 INFO         - Saved the original co-occurrence and (co)example frequencies!
BATCH_createC_pruning 2019-05-17 20:42:36,596 INFO         - Elapsed seconds = 149.4686
BATCH_createC_pruning 2019-05-17 20:42:36,597 INFO       + Reading and parsing with N=10000, P=0.75...
BATCH_createC_pruning 2019-05-17 20:45:39,498 INFO         - Saved the original co-occurrence and (co)example frequencies!
BATCH_createC_pruning 2019-05-17 20:45:39,499 INFO         - Elapsed seconds = 146.7406
BATCH_createC_pruning 2019-05-17 20:45:39,499 INFO       + Reading and parsing with N=10000, P=1.00...
BATCH_createC_pruning 2019-05-17 20:48:42,195 INFO         - Saved the original co-occurrence and (co)example frequencies!
BATCH_createC_pruning 2019-05-17 20:48:42,197 INFO         - Elapsed seconds = 146.6570
BATCH_createC_pruning 2019-05-17 20:48:42,200 INFO     + Start creating pruned full co-occurrence dataset for [songs]...
BATCH_createC_pruning 2019-05-17 20:48:42,202 INFO       + Reading and parsing with N=10000, P=0.25...
BATCH_createC_pruning 2019-05-17 20:49:13,177 INFO         - Saved the original co-occurrence and (co)example frequencies!
BATCH_createC_pruning 2019-05-17 20:49:13,179 INFO         - Elapsed seconds = 11.0639
BATCH_createC_pruning 2019-05-17 20:49:13,180 INFO       + Reading and parsing with N=10000, P=0.50...
BATCH_createC_pruning 2019-05-17 20:49:43,901 INFO         - Saved the original co-occurrence and (co)example frequencies!
BATCH_createC_pruning 2019-05-17 20:49:43,902 INFO         - Elapsed seconds = 11.1022
BATCH_createC_pruning 2019-05-17 20:49:43,903 INFO       + Reading and parsing with N=10000, P=0.75...
BATCH_createC_pruning 2019-05-17 20:50:17,624 INFO         - Saved the original co-occurrence and (co)example frequencies!
BATCH_createC_pruning 2019-05-17 20:50:17,625 INFO         - Elapsed seconds = 13.3607
BATCH_createC_pruning 2019-05-17 20:50:17,626 INFO       + Reading and parsing with N=10000, P=1.00...
BATCH_createC_pruning 2019-05-17 20:50:49,118 INFO         - Saved the original co-occurrence and (co)example frequencies!
BATCH_createC_pruning 2019-05-17 20:50:49,120 INFO         - Elapsed seconds = 11.5647
