BATCH_createC_pruning 2019-05-20 06:42:05,368 INFO     BATCH_createC_pruning
BATCH_createC_pruning 2019-05-20 06:42:05,372 INFO     + Start creating pruned full co-occurrence dataset for [blog]...
BATCH_createC_pruning 2019-05-20 06:42:05,376 INFO       + Reading and parsing with N=4447, P=0.10...
BATCH_createC_pruning 2019-05-20 06:42:17,278 INFO         - Saved the original co-occurrence and (co)example frequencies!
BATCH_createC_pruning 2019-05-20 06:42:17,291 INFO         - Elapsed seconds = 5.1227
BATCH_createC_pruning 2019-05-20 06:42:17,304 INFO       + Reading and parsing with N=4447, P=0.30...
BATCH_createC_pruning 2019-05-20 06:42:31,686 INFO         - Saved the original co-occurrence and (co)example frequencies!
BATCH_createC_pruning 2019-05-20 06:42:31,690 INFO         - Elapsed seconds = 7.3759
BATCH_createC_pruning 2019-05-20 06:42:31,691 INFO       + Reading and parsing with N=4447, P=0.70...
BATCH_createC_pruning 2019-05-20 06:42:46,370 INFO         - Saved the original co-occurrence and (co)example frequencies!
BATCH_createC_pruning 2019-05-20 06:42:46,372 INFO         - Elapsed seconds = 7.6614
BATCH_createC_pruning 2019-05-20 06:42:46,373 INFO       + Reading and parsing with N=4447, P=0.90...
BATCH_createC_pruning 2019-05-20 06:43:01,289 INFO         - Saved the original co-occurrence and (co)example frequencies!
BATCH_createC_pruning 2019-05-20 06:43:01,290 INFO         - Elapsed seconds = 7.8430
BATCH_createC_pruning 2019-05-20 06:43:01,292 INFO     + Start creating pruned full co-occurrence dataset for [yelp]...
BATCH_createC_pruning 2019-05-20 06:43:01,295 INFO       + Reading and parsing with N=1606, P=0.10...
BATCH_createC_pruning 2019-05-20 06:43:03,588 INFO         - Saved the original co-occurrence and (co)example frequencies!
BATCH_createC_pruning 2019-05-20 06:43:03,591 INFO         - Elapsed seconds = 0.9409
BATCH_createC_pruning 2019-05-20 06:43:03,592 INFO       + Reading and parsing with N=1606, P=0.30...
BATCH_createC_pruning 2019-05-20 06:43:05,940 INFO         - Saved the original co-occurrence and (co)example frequencies!
BATCH_createC_pruning 2019-05-20 06:43:05,942 INFO         - Elapsed seconds = 1.0092
BATCH_createC_pruning 2019-05-20 06:43:05,943 INFO       + Reading and parsing with N=1606, P=0.70...
BATCH_createC_pruning 2019-05-20 06:43:08,365 INFO         - Saved the original co-occurrence and (co)example frequencies!
BATCH_createC_pruning 2019-05-20 06:43:08,366 INFO         - Elapsed seconds = 1.0798
BATCH_createC_pruning 2019-05-20 06:43:08,367 INFO       + Reading and parsing with N=1606, P=0.90...
BATCH_createC_pruning 2019-05-20 06:43:10,801 INFO         - Saved the original co-occurrence and (co)example frequencies!
BATCH_createC_pruning 2019-05-20 06:43:10,803 INFO         - Elapsed seconds = 1.0751
BATCH_createC_pruning 2019-05-20 06:43:10,804 INFO     + Start creating pruned full co-occurrence dataset for [nips]...
BATCH_createC_pruning 2019-05-20 06:43:10,806 INFO       + Reading and parsing with N=5000, P=0.10...
BATCH_createC_pruning 2019-05-20 06:43:18,908 INFO         - Saved the original co-occurrence and (co)example frequencies!
BATCH_createC_pruning 2019-05-20 06:43:18,910 INFO         - Elapsed seconds = 1.5363
BATCH_createC_pruning 2019-05-20 06:43:18,911 INFO       + Reading and parsing with N=5000, P=0.30...
BATCH_createC_pruning 2019-05-20 06:43:32,168 INFO         - Saved the original co-occurrence and (co)example frequencies!
BATCH_createC_pruning 2019-05-20 06:43:32,169 INFO         - Elapsed seconds = 5.1236
BATCH_createC_pruning 2019-05-20 06:43:32,170 INFO       + Reading and parsing with N=5000, P=0.70...
BATCH_createC_pruning 2019-05-20 06:43:51,511 INFO         - Saved the original co-occurrence and (co)example frequencies!
BATCH_createC_pruning 2019-05-20 06:43:51,512 INFO         - Elapsed seconds = 11.0452
BATCH_createC_pruning 2019-05-20 06:43:51,512 INFO       + Reading and parsing with N=5000, P=0.90...
BATCH_createC_pruning 2019-05-20 06:44:10,949 INFO         - Saved the original co-occurrence and (co)example frequencies!
BATCH_createC_pruning 2019-05-20 06:44:10,950 INFO         - Elapsed seconds = 11.3004
BATCH_createC_pruning 2019-05-20 06:44:10,951 INFO     + Start creating pruned full co-occurrence dataset for [nytimes]...
BATCH_createC_pruning 2019-05-20 06:44:10,951 INFO       + Reading and parsing with N=15000, P=0.10...
BATCH_createC_pruning 2019-05-20 06:52:08,982 INFO         - Saved the original co-occurrence and (co)example frequencies!
BATCH_createC_pruning 2019-05-20 06:52:08,983 INFO         - Elapsed seconds = 363.8001
BATCH_createC_pruning 2019-05-20 06:52:08,984 INFO       + Reading and parsing with N=15000, P=0.30...
BATCH_createC_pruning 2019-05-20 07:04:25,857 INFO         - Saved the original co-occurrence and (co)example frequencies!
BATCH_createC_pruning 2019-05-20 07:04:25,858 INFO         - Elapsed seconds = 621.6784
BATCH_createC_pruning 2019-05-20 07:04:25,859 INFO       + Reading and parsing with N=15000, P=0.70...
BATCH_createC_pruning 2019-05-20 07:16:56,682 INFO         - Saved the original co-occurrence and (co)example frequencies!
BATCH_createC_pruning 2019-05-20 07:16:56,683 INFO         - Elapsed seconds = 635.5482
BATCH_createC_pruning 2019-05-20 07:16:56,684 INFO       + Reading and parsing with N=15000, P=0.90...
BATCH_createC_pruning 2019-05-20 07:29:23,187 INFO         - Saved the original co-occurrence and (co)example frequencies!
BATCH_createC_pruning 2019-05-20 07:29:23,190 INFO         - Elapsed seconds = 631.1322
BATCH_createC_pruning 2019-05-20 07:29:23,193 INFO     + Start creating pruned full co-occurrence dataset for [movies]...
BATCH_createC_pruning 2019-05-20 07:29:23,196 INFO       + Reading and parsing with N=10000, P=0.10...
BATCH_createC_pruning 2019-05-20 07:31:18,831 INFO         - Saved the original co-occurrence and (co)example frequencies!
BATCH_createC_pruning 2019-05-20 07:31:18,832 INFO         - Elapsed seconds = 82.3568
BATCH_createC_pruning 2019-05-20 07:31:18,833 INFO       + Reading and parsing with N=10000, P=0.30...
BATCH_createC_pruning 2019-05-20 07:34:02,489 INFO         - Saved the original co-occurrence and (co)example frequencies!
BATCH_createC_pruning 2019-05-20 07:34:02,490 INFO         - Elapsed seconds = 128.6059
BATCH_createC_pruning 2019-05-20 07:34:02,491 INFO       + Reading and parsing with N=10000, P=0.70...
BATCH_createC_pruning 2019-05-20 07:36:59,583 INFO         - Saved the original co-occurrence and (co)example frequencies!
BATCH_createC_pruning 2019-05-20 07:36:59,584 INFO         - Elapsed seconds = 142.4109
BATCH_createC_pruning 2019-05-20 07:36:59,584 INFO       + Reading and parsing with N=10000, P=0.90...
BATCH_createC_pruning 2019-05-20 07:40:01,846 INFO         - Saved the original co-occurrence and (co)example frequencies!
BATCH_createC_pruning 2019-05-20 07:40:01,848 INFO         - Elapsed seconds = 147.4691
BATCH_createC_pruning 2019-05-20 07:40:01,850 INFO     + Start creating pruned full co-occurrence dataset for [songs]...
BATCH_createC_pruning 2019-05-20 07:40:01,852 INFO       + Reading and parsing with N=10000, P=0.10...
BATCH_createC_pruning 2019-05-20 07:40:32,539 INFO         - Saved the original co-occurrence and (co)example frequencies!
BATCH_createC_pruning 2019-05-20 07:40:32,540 INFO         - Elapsed seconds = 11.0932
BATCH_createC_pruning 2019-05-20 07:40:32,541 INFO       + Reading and parsing with N=10000, P=0.30...
BATCH_createC_pruning 2019-05-20 07:41:03,566 INFO         - Saved the original co-occurrence and (co)example frequencies!
BATCH_createC_pruning 2019-05-20 07:41:03,568 INFO         - Elapsed seconds = 11.4558
BATCH_createC_pruning 2019-05-20 07:41:03,569 INFO       + Reading and parsing with N=10000, P=0.70...
BATCH_createC_pruning 2019-05-20 07:41:34,391 INFO         - Saved the original co-occurrence and (co)example frequencies!
BATCH_createC_pruning 2019-05-20 07:41:34,392 INFO         - Elapsed seconds = 11.2405
BATCH_createC_pruning 2019-05-20 07:41:34,392 INFO       + Reading and parsing with N=10000, P=0.90...
BATCH_createC_pruning 2019-05-20 07:42:05,268 INFO         - Saved the original co-occurrence and (co)example frequencies!
BATCH_createC_pruning 2019-05-20 07:42:05,269 INFO         - Elapsed seconds = 11.1645
